<?xml version="1.0" encoding="UTF-8"?>
<!-- Generated by org.testng.reporters.JUnitReportReporter -->
<testsuite hostname="KAD-I-002" name="livetesting.Base2" tests="2" failures="0" timestamp="5 Sep 2018 09:26:07 GMT" time="39.015" errors="0">
  <testcase name="addressverify" time="37.438" classname="livetesting.Base2"/>
  <testcase name="login" time="1.577" classname="livetesting.Base2"/>
</testsuite> <!-- livetesting.Base2 -->
