<?xml version="1.0" encoding="UTF-8"?>
<!-- Generated by org.testng.reporters.JUnitReportReporter -->
<testsuite hostname="KAD-I-002" name="livetesting.Base" tests="7" failures="0" timestamp="9 Aug 2018 13:41:17 GMT" time="51.293" errors="0">
  <testcase name="dataentry" time="16.523" classname="livetesting.Base"/>
  <testcase name="filedownload" time="2.331" classname="livetesting.Base"/>
  <testcase name="reportpreview" time="9.184" classname="livetesting.Base"/>
  <testcase name="reportdoc" time="7.566" classname="livetesting.Base"/>
  <testcase name="login" time="1.450" classname="livetesting.Base"/>
  <testcase name="fileupload" time="7.299" classname="livetesting.Base"/>
  <testcase name="crtdocumentupload" time="6.940" classname="livetesting.Base"/>
</testsuite> <!-- livetesting.Base -->
