<?xml version="1.0" encoding="UTF-8"?>
<!-- Generated by org.testng.reporters.JUnitReportReporter -->
<testsuite hostname="KAD-I-002" name="livetesting.Base2" tests="5" failures="0" timestamp="3 Aug 2018 09:37:37 GMT" time="36.497" errors="0">
  <testcase name="login" time="1.606" classname="livetesting.Base2"/>
  <testcase name="fileupload" time="7.441" classname="livetesting.Base2"/>
  <testcase name="reportpreview" time="8.810" classname="livetesting.Base2"/>
  <testcase name="filedownload" time="2.294" classname="livetesting.Base2"/>
  <testcase name="dataentry" time="16.346" classname="livetesting.Base2"/>
</testsuite> <!-- livetesting.Base2 -->
