<?xml version="1.0" encoding="UTF-8"?>
<!-- Generated by org.testng.reporters.JUnitReportReporter -->
<testsuite hostname="KAD-I-002" name="testCases.MainTest2" tests="2" failures="0" timestamp="4 Jul 2018 12:47:08 GMT" time="14.332" errors="0">
  <testcase name="Login" time="6.199" classname="testCases.MainTest2"/>
  <testcase name="assigncase" time="8.133" classname="testCases.MainTest2"/>
</testsuite> <!-- testCases.MainTest2 -->
