<?xml version="1.0" encoding="UTF-8"?>
<!-- Generated by org.testng.reporters.JUnitReportReporter -->
<testsuite hostname="KAD-I-002" name="pages.temp" tests="1" failures="0" timestamp="13 Jul 2018 12:37:45 GMT" time="9.255" errors="0">
  <testcase name="login_state_should_be_restored" time="9.255" classname="pages.temp"/>
</testsuite> <!-- pages.temp -->
