<?xml version="1.0" encoding="UTF-8"?>
<!-- Generated by org.testng.reporters.JUnitReportReporter -->
<testsuite hostname="KAD-I-002" name="testCases.UrlNavigation" tests="21" failures="0" timestamp="10 Jul 2018 06:07:48 GMT" time="1000.864" errors="0">
  <testcase name="DBCheckPage" time="4.201" classname="testCases.UrlNavigation"/>
  <testcase name="AddressCheckPage" time="30.162" classname="testCases.UrlNavigation"/>
  <testcase name="BVCheckPage" time="28.086" classname="testCases.UrlNavigation"/>
  <testcase name="CreditCheckPage" time="26.413" classname="testCases.UrlNavigation"/>
  <testcase name="PFCheckPage" time="27.849" classname="testCases.UrlNavigation"/>
  <testcase name="CriminalCheckPage" time="31.943" classname="testCases.UrlNavigation"/>
  <testcase name="deliveryclient" time="40.478" classname="testCases.UrlNavigation"/>
  <testcase name="EmploymentCheckPage" time="57.595" classname="testCases.UrlNavigation"/>
  <testcase name="demotlpage" time="328.277" classname="testCases.UrlNavigation"/>
  <testcase name="reportmanager" time="40.208" classname="testCases.UrlNavigation"/>
  <testcase name="ITCheckPage" time="27.790" classname="testCases.UrlNavigation"/>
  <testcase name="EducationCheckPage" time="30.472" classname="testCases.UrlNavigation"/>
  <testcase name="facisCheckPage" time="29.020" classname="testCases.UrlNavigation"/>
  <testcase name="clientpage" time="54.086" classname="testCases.UrlNavigation"/>
  <testcase name="DrugCheckPage" time="2.499" classname="testCases.UrlNavigation"/>
  <testcase name="adminpage" time="105.561" classname="testCases.UrlNavigation"/>
  <testcase name="CourtCheckPage" time="3.622" classname="testCases.UrlNavigation"/>
  <testcase name="ReferenceCheckPage" time="31.260" classname="testCases.UrlNavigation"/>
  <testcase name="genpactpage" time="13.732" classname="testCases.UrlNavigation"/>
  <testcase name="IDCheckPage" time="2.594" classname="testCases.UrlNavigation"/>
  <testcase name="crtpage" time="85.016" classname="testCases.UrlNavigation"/>
</testsuite> <!-- testCases.UrlNavigation -->
