<?xml version="1.0" encoding="UTF-8"?>
<!-- Generated by org.testng.reporters.JUnitReportReporter -->
<testsuite hostname="KAD-I-002" name="testCases.MainTest" tests="2" failures="0" timestamp="20 Jun 2018 11:56:56 GMT" time="22.759" errors="0">
  <testcase name="Login" time="1.625" classname="testCases.MainTest"/>
  <testcase name="OperationtmAssign" time="21.134" classname="testCases.MainTest"/>
</testsuite> <!-- testCases.MainTest -->
