<?xml version="1.0" encoding="UTF-8"?>
<!-- Generated by org.testng.reporters.JUnitReportReporter -->
<testsuite hostname="KAD-I-002" name="testCases.Insufficiency" tests="2" failures="0" timestamp="20 Jul 2018 12:25:29 GMT" time="14.718" errors="0">
  <testcase name="RaiseInsuff" time="8.048" classname="testCases.Insufficiency"/>
  <testcase name="Login" time="6.670" classname="testCases.Insufficiency"/>
</testsuite> <!-- testCases.Insufficiency -->
