<?xml version="1.0" encoding="UTF-8"?>
<!-- Generated by org.testng.reporters.JUnitReportReporter -->
<testsuite hostname="KAD-I-002" name="pages.temp" tests="1" failures="0" timestamp="21 Jul 2018 10:17:34 GMT" time="9.310" errors="0">
  <testcase name="OpenBrowser" time="9.310" classname="pages.temp"/>
</testsuite> <!-- pages.temp -->
