<?xml version="1.0" encoding="UTF-8"?>
<!-- Generated by org.testng.reporters.JUnitReportReporter -->
<testsuite hostname="KAD-I-002" name="testCases.CandidatecaseSP" tests="2" failures="0" timestamp="7 Jul 2018 12:50:36 GMT" time="33.262" errors="0">
  <testcase name="checkemail" time="4.189" classname="testCases.CandidatecaseSP"/>
  <testcase name="CandidateInitiation" time="29.073" classname="testCases.CandidatecaseSP"/>
</testsuite> <!-- testCases.CandidatecaseSP -->
