<?xml version="1.0" encoding="UTF-8"?>
<!-- Generated by org.testng.reporters.JUnitReportReporter -->
<testsuite hostname="KAD-I-002" name="testCases.MainTest" tests="7" failures="0" timestamp="29 Jun 2018 13:59:21 GMT" time="813.944" errors="0">
  <testcase name="Login" time="1.144" classname="testCases.MainTest"/>
  <testcase name="Operationtm" time="475.826" classname="testCases.MainTest"/>
  <testcase name="caseregistration" time="13.239" classname="testCases.MainTest"/>
  <testcase name="dataentry" time="57.480" classname="testCases.MainTest"/>
  <testcase name="OperationtmAssign" time="202.831" classname="testCases.MainTest"/>
  <testcase name="assigncase" time="59.111" classname="testCases.MainTest"/>
  <testcase name="aasignToDE" time="4.313" classname="testCases.MainTest"/>
</testsuite> <!-- testCases.MainTest -->
