<?xml version="1.0" encoding="UTF-8"?>
<!-- Generated by org.testng.reporters.JUnitReportReporter -->
<testsuite hostname="KAD-I-002" name="testCases.MainTest2" tests="2" failures="0" timestamp="2 Jul 2018 05:32:04 GMT" time="353.185" errors="0">
  <testcase name="Login" time="1.296" classname="testCases.MainTest2"/>
  <testcase name="Operationtm" time="351.889" classname="testCases.MainTest2"/>
</testsuite> <!-- testCases.MainTest2 -->
