<?xml version="1.0" encoding="UTF-8"?>
<!-- Generated by org.testng.reporters.JUnitReportReporter -->
<testsuite hostname="KAD-I-002" name="testCases.Insufficiency" tests="8" failures="0" timestamp="26 Jul 2018 07:25:03 GMT" time="47.274" errors="0">
  <testcase name="Raise_PF" time="5.115" classname="testCases.Insufficiency"/>
  <testcase name="Raise_IT" time="5.557" classname="testCases.Insufficiency"/>
  <testcase name="Raise_Education" time="4.412" classname="testCases.Insufficiency"/>
  <testcase name="Raise_BV" time="5.244" classname="testCases.Insufficiency"/>
  <testcase name="Login" time="12.371" classname="testCases.Insufficiency"/>
  <testcase name="Raise_Reference" time="4.439" classname="testCases.Insufficiency"/>
  <testcase name="Raise_Employment" time="4.395" classname="testCases.Insufficiency"/>
  <testcase name="Raise_Address" time="5.741" classname="testCases.Insufficiency"/>
</testsuite> <!-- testCases.Insufficiency -->
