<?xml version="1.0" encoding="UTF-8"?>
<!-- Generated by org.testng.reporters.JUnitReportReporter -->
<testsuite hostname="KAD-I-002" name="pages.temp" tests="1" failures="0" timestamp="19 Jul 2018 09:48:14 GMT" time="0.010" errors="0">
  <testcase name="print" time="0.010" classname="pages.temp"/>
</testsuite> <!-- pages.temp -->
