<?xml version="1.0" encoding="UTF-8"?>
<!-- Generated by org.testng.reporters.JUnitReportReporter -->
<testsuite hostname="KAD-I-002" name="testCases.MainTest2" tests="1" failures="0" timestamp="7 Jul 2018 13:50:33 GMT" time="9.385" errors="0">
  <testcase name="Login" time="9.385" classname="testCases.MainTest2"/>
</testsuite> <!-- testCases.MainTest2 -->
