<?xml version="1.0" encoding="UTF-8"?>
<!-- Generated by org.testng.reporters.JUnitReportReporter -->
<testsuite hostname="KAD-I-002" name="testCases.MainTest2" tests="2" failures="0" timestamp="17 Aug 2018 09:07:52 GMT" time="2.323" errors="0">
  <testcase name="testtwo" time="0.001" classname="testCases.MainTest2"/>
  <testcase name="Login" time="2.322" classname="testCases.MainTest2"/>
</testsuite> <!-- testCases.MainTest2 -->
