<?xml version="1.0" encoding="UTF-8"?>
<!-- Generated by org.testng.reporters.JUnitReportReporter -->
<testsuite hostname="KAD-I-002" name="testCases.MainTest" tests="6" failures="0" timestamp="27 Jun 2018 05:14:31 GMT" time="347.688" errors="0">
  <testcase name="dataentry" time="71.756" classname="testCases.MainTest"/>
  <testcase name="aasignToDE" time="4.530" classname="testCases.MainTest"/>
  <testcase name="Login" time="1.707" classname="testCases.MainTest"/>
  <testcase name="OperationtmAssign" time="199.468" classname="testCases.MainTest"/>
  <testcase name="caseregistration" time="4.004" classname="testCases.MainTest"/>
  <testcase name="assigncase" time="66.223" classname="testCases.MainTest"/>
</testsuite> <!-- testCases.MainTest -->
