<?xml version="1.0" encoding="UTF-8"?>
<!-- Generated by org.testng.reporters.JUnitReportReporter -->
<testsuite hostname="KAD-I-002" name="testCases.Matrixflow" tests="9" failures="0" timestamp="19 Jul 2018 07:14:46 GMT" time="897.439" errors="0">
  <testcase name="dataentry" time="122.150" classname="testCases.Matrixflow"/>
  <testcase name="Login" time="2.647" classname="testCases.Matrixflow"/>
  <testcase name="aasignToDE" time="5.929" classname="testCases.Matrixflow"/>
  <testcase name="Operationtm" time="423.155" classname="testCases.Matrixflow"/>
  <testcase name="assigncase" time="90.242" classname="testCases.Matrixflow"/>
  <testcase name="publishCase" time="20.841" classname="testCases.Matrixflow"/>
  <testcase name="Report" time="15.658" classname="testCases.Matrixflow"/>
  <testcase name="caseregistration" time="24.528" classname="testCases.Matrixflow"/>
  <testcase name="OperationtmAssign" time="192.289" classname="testCases.Matrixflow"/>
</testsuite> <!-- testCases.Matrixflow -->
