<?xml version="1.0" encoding="UTF-8"?>
<!-- Generated by org.testng.reporters.JUnitReportReporter -->
<testsuite hostname="KAD-I-002" name="testCases.Matrixflow" tests="9" failures="0" timestamp="10 Jul 2018 06:07:48 GMT" time="840.629" errors="0">
  <testcase name="assigncase" time="90.555" classname="testCases.Matrixflow"/>
  <testcase name="aasignToDE" time="9.180" classname="testCases.Matrixflow"/>
  <testcase name="publishCase" time="20.932" classname="testCases.Matrixflow"/>
  <testcase name="Login" time="1.918" classname="testCases.Matrixflow"/>
  <testcase name="OperationtmAssign" time="199.261" classname="testCases.Matrixflow"/>
  <testcase name="Report" time="15.122" classname="testCases.Matrixflow"/>
  <testcase name="caseregistration" time="13.867" classname="testCases.Matrixflow"/>
  <testcase name="Operationtm" time="416.677" classname="testCases.Matrixflow"/>
  <testcase name="dataentry" time="73.117" classname="testCases.Matrixflow"/>
</testsuite> <!-- testCases.Matrixflow -->
