<?xml version="1.0" encoding="UTF-8"?>
<!-- Generated by org.testng.reporters.JUnitReportReporter -->
<testsuite hostname="KAD-I-002" name="testCases.MainTest" tests="2" failures="0" timestamp="21 Jun 2018 12:34:29 GMT" time="83.563" errors="0">
  <testcase name="Operationtm" time="81.995" classname="testCases.MainTest"/>
  <testcase name="Login" time="1.568" classname="testCases.MainTest"/>
</testsuite> <!-- testCases.MainTest -->
