<?xml version="1.0" encoding="UTF-8"?>
<!-- Generated by org.testng.reporters.JUnitReportReporter -->
<testsuite hostname="KAD-I-002" name="testcase.Login" tests="1" failures="0" timestamp="13 Jul 2018 08:55:20 GMT" time="3.423" errors="0">
  <testcase name="matrixLogin" time="3.423" classname="testcase.Login"/>
</testsuite> <!-- testcase.Login -->
