<?xml version="1.0" encoding="UTF-8"?>
<!-- Generated by org.testng.reporters.JUnitReportReporter -->
<testsuite hostname="KAD-I-002" name="userLogin.MainTest" tests="2" failures="0" timestamp="18 Jun 2018 12:26:33 GMT" time="10.511" errors="0">
  <testcase name="dataentry" time="9.059" classname="userLogin.MainTest"/>
  <testcase name="Login" time="1.452" classname="userLogin.MainTest"/>
</testsuite> <!-- userLogin.MainTest -->
