<?xml version="1.0" encoding="UTF-8"?>
<!-- Generated by org.testng.reporters.JUnitReportReporter -->
<testsuite hostname="KAD-I-002" name="testCases.MainTest2" tests="7" failures="0" timestamp="31 Jul 2018 06:10:47 GMT" time="1202.242" errors="0">
  <testcase name="Login" time="2.791" classname="testCases.MainTest2"/>
  <testcase name="Operationtm" time="989.948" classname="testCases.MainTest2"/>
  <testcase name="OperationtmAssign" time="104.369" classname="testCases.MainTest2"/>
  <testcase name="aasignToDE" time="5.701" classname="testCases.MainTest2"/>
  <testcase name="assigncase" time="49.349" classname="testCases.MainTest2"/>
  <testcase name="caseregistration" time="4.636" classname="testCases.MainTest2"/>
  <testcase name="dataentry" time="45.448" classname="testCases.MainTest2"/>
</testsuite> <!-- testCases.MainTest2 -->
