<?xml version="1.0" encoding="UTF-8"?>
<!-- Generated by org.testng.reporters.JUnitReportReporter -->
<testsuite hostname="KAD-I-002" name="testCases.MainTest2" tests="2" failures="0" timestamp="5 Jul 2018 07:00:44 GMT" time="13.206" errors="0">
  <testcase name="caseregistration" time="11.578" classname="testCases.MainTest2"/>
  <testcase name="Login" time="1.628" classname="testCases.MainTest2"/>
</testsuite> <!-- testCases.MainTest2 -->
