<?xml version="1.0" encoding="UTF-8"?>
<!-- Generated by org.testng.reporters.JUnitReportReporter -->
<testsuite hostname="KAD-I-002" name="testCases.MainTest2" tests="2" failures="0" timestamp="22 Jun 2018 09:31:18 GMT" time="89.970" errors="0">
  <testcase name="Operationtm" time="88.602" classname="testCases.MainTest2"/>
  <testcase name="Login" time="1.368" classname="testCases.MainTest2"/>
</testsuite> <!-- testCases.MainTest2 -->
