<?xml version="1.0" encoding="UTF-8"?>
<!-- Generated by org.testng.reporters.JUnitReportReporter -->
<testsuite hostname="KAD-I-002" name="testCases.MainTest2" tests="1" failures="0" timestamp="11 Jul 2018 06:10:23 GMT" time="25.188" errors="0">
  <testcase name="Login" time="25.188" classname="testCases.MainTest2"/>
</testsuite> <!-- testCases.MainTest2 -->
