<?xml version="1.0" encoding="UTF-8"?>
<!-- Generated by org.testng.reporters.JUnitReportReporter -->
<testsuite hostname="KAD-I-002" name="testCases.Matrixflow" tests="9" failures="0" timestamp="16 Aug 2018 09:52:53 GMT" time="767.039" errors="0">
  <testcase name="dataentry" time="73.670" classname="testCases.Matrixflow"/>
  <testcase name="assigncase" time="124.050" classname="testCases.Matrixflow"/>
  <testcase name="aasignToDE" time="6.261" classname="testCases.Matrixflow"/>
  <testcase name="OperationtmAssign" time="93.123" classname="testCases.Matrixflow"/>
  <testcase name="Operationtm" time="390.238" classname="testCases.Matrixflow"/>
  <testcase name="caseregistration" time="13.626" classname="testCases.Matrixflow"/>
  <testcase name="publishCase" time="50.085" classname="testCases.Matrixflow"/>
  <testcase name="Login" time="1.558" classname="testCases.Matrixflow"/>
  <testcase name="Report" time="14.428" classname="testCases.Matrixflow"/>
</testsuite> <!-- testCases.Matrixflow -->
