<?xml version="1.0" encoding="UTF-8"?>
<!-- Generated by org.testng.reporters.JUnitReportReporter -->
<testsuite hostname="KAD-I-002" name="testCases.MainTest2" tests="2" failures="0" timestamp="29 Jun 2018 13:43:58 GMT" time="5.196" errors="0">
  <testcase name="Login" time="1.386" classname="testCases.MainTest2"/>
  <testcase name="Operationtm" time="3.810" classname="testCases.MainTest2"/>
</testsuite> <!-- testCases.MainTest2 -->
