<?xml version="1.0" encoding="UTF-8"?>
<!-- Generated by org.testng.reporters.JUnitReportReporter -->
<testsuite hostname="KAD-I-002" name="userLogin.MainTest" tests="5" failures="0" timestamp="19 Jun 2018 13:32:07 GMT" time="137.323" errors="0">
  <testcase name="assigncase" time="63.180" classname="userLogin.MainTest"/>
  <testcase name="aasignToDE" time="3.848" classname="userLogin.MainTest"/>
  <testcase name="Login" time="1.179" classname="userLogin.MainTest"/>
  <testcase name="dataentry" time="65.353" classname="userLogin.MainTest"/>
  <testcase name="caseregistration" time="3.763" classname="userLogin.MainTest"/>
</testsuite> <!-- userLogin.MainTest -->
