<?xml version="1.0" encoding="UTF-8"?>
<!-- Generated by org.testng.reporters.JUnitReportReporter -->
<testsuite hostname="KAD-I-002" name="testCases.UrlNavigation" tests="20" failures="0" timestamp="4 Jul 2018 10:38:31 GMT" time="830.518" errors="0">
  <testcase name="PFCheckPage" time="32.166" classname="testCases.UrlNavigation"/>
  <testcase name="adminpage" time="88.715" classname="testCases.UrlNavigation"/>
  <testcase name="crtpage" time="67.497" classname="testCases.UrlNavigation"/>
  <testcase name="reportmanager" time="17.667" classname="testCases.UrlNavigation"/>
  <testcase name="demotlpage" time="230.185" classname="testCases.UrlNavigation"/>
  <testcase name="DBCheckPage" time="2.995" classname="testCases.UrlNavigation"/>
  <testcase name="CriminalCheckPage" time="34.560" classname="testCases.UrlNavigation"/>
  <testcase name="EmploymentCheckPage" time="68.456" classname="testCases.UrlNavigation"/>
  <testcase name="CreditCheckPage" time="33.439" classname="testCases.UrlNavigation"/>
  <testcase name="deliveryclient" time="14.438" classname="testCases.UrlNavigation"/>
  <testcase name="clientpage" time="21.366" classname="testCases.UrlNavigation"/>
  <testcase name="ITCheckPage" time="32.157" classname="testCases.UrlNavigation"/>
  <testcase name="AddressCheckPage" time="33.852" classname="testCases.UrlNavigation"/>
  <testcase name="facisCheckPage" time="32.914" classname="testCases.UrlNavigation"/>
  <testcase name="EducationCheckPage" time="35.386" classname="testCases.UrlNavigation"/>
  <testcase name="ReferenceCheckPage" time="42.822" classname="testCases.UrlNavigation"/>
  <testcase name="IDCheckPage" time="2.088" classname="testCases.UrlNavigation"/>
  <testcase name="DrugCheckPage" time="3.153" classname="testCases.UrlNavigation"/>
  <testcase name="BVCheckPage" time="32.296" classname="testCases.UrlNavigation"/>
  <testcase name="CourtCheckPage" time="4.366" classname="testCases.UrlNavigation"/>
</testsuite> <!-- testCases.UrlNavigation -->
