<?xml version="1.0" encoding="UTF-8"?>
<!-- Generated by org.testng.reporters.JUnitReportReporter -->
<testsuite hostname="KAD-I-002" name="testCases.CandidatecaseSP" tests="1" failures="0" timestamp="11 Jul 2018 06:00:14 GMT" time="21.801" errors="0">
  <testcase name="Attach_Doc" time="21.801" classname="testCases.CandidatecaseSP"/>
</testsuite> <!-- testCases.CandidatecaseSP -->
