<?xml version="1.0" encoding="UTF-8"?>
<!-- Generated by org.testng.reporters.JUnitReportReporter -->
<testsuite hostname="KAD-I-002" name="testCases.MainTest" tests="2" failures="0" timestamp="21 Jun 2018 09:16:45 GMT" time="9.835" errors="0">
  <testcase name="Login" time="1.564" classname="testCases.MainTest"/>
  <testcase name="Operationtm" time="8.271" classname="testCases.MainTest"/>
</testsuite> <!-- testCases.MainTest -->
