<?xml version="1.0" encoding="UTF-8"?>
<!-- Generated by org.testng.reporters.JUnitReportReporter -->
<testsuite hostname="KAD-I-002" name="testCases.MainTest2" tests="2" failures="0" timestamp="28 Jun 2018 13:11:50 GMT" time="34.258" errors="0">
  <testcase name="Login" time="1.516" classname="testCases.MainTest2"/>
  <testcase name="Operationtm" time="32.742" classname="testCases.MainTest2"/>
</testsuite> <!-- testCases.MainTest2 -->
