<?xml version="1.0" encoding="UTF-8"?>
<!-- Generated by org.testng.reporters.JUnitReportReporter -->
<testsuite hostname="KAD-I-002" name="testCases.MainTest2" tests="7" failures="0" timestamp="21 Jun 2018 14:11:51 GMT" time="535.738" errors="0">
  <testcase name="assigncase" time="64.889" classname="testCases.MainTest2"/>
  <testcase name="aasignToDE" time="5.440" classname="testCases.MainTest2"/>
  <testcase name="Login" time="1.260" classname="testCases.MainTest2"/>
  <testcase name="Operationtm" time="90.040" classname="testCases.MainTest2"/>
  <testcase name="caseregistration" time="3.757" classname="testCases.MainTest2"/>
  <testcase name="OperationtmAssign" time="290.703" classname="testCases.MainTest2"/>
  <testcase name="dataentry" time="79.649" classname="testCases.MainTest2"/>
</testsuite> <!-- testCases.MainTest2 -->
