<?xml version="1.0" encoding="UTF-8"?>
<!-- Generated by org.testng.reporters.JUnitReportReporter -->
<testsuite hostname="KAD-I-002" name="testCases.MainTest" tests="7" failures="0" timestamp="27 Jun 2018 13:54:18 GMT" time="500.746" errors="0">
  <testcase name="aasignToDE" time="3.699" classname="testCases.MainTest"/>
  <testcase name="dataentry" time="68.110" classname="testCases.MainTest"/>
  <testcase name="OperationtmAssign" time="184.296" classname="testCases.MainTest"/>
  <testcase name="Login" time="1.015" classname="testCases.MainTest"/>
  <testcase name="assigncase" time="75.716" classname="testCases.MainTest"/>
  <testcase name="caseregistration" time="3.714" classname="testCases.MainTest"/>
  <testcase name="Operationtm" time="164.196" classname="testCases.MainTest"/>
</testsuite> <!-- testCases.MainTest -->
