<?xml version="1.0" encoding="UTF-8"?>
<!-- Generated by org.testng.reporters.JUnitReportReporter -->
<testsuite hostname="KAD-I-002" name="testCases.CandidatecaseSP" tests="8" failures="0" timestamp="13 Jul 2018 05:57:20 GMT" time="271.900" errors="0">
  <testcase name="Attach_Doc" time="86.906" classname="testCases.CandidatecaseSP"/>
  <testcase name="Address_de" time="12.761" classname="testCases.CandidatecaseSP"/>
  <testcase name="checkemail" time="4.502" classname="testCases.CandidatecaseSP"/>
  <testcase name="Employment_de" time="9.482" classname="testCases.CandidatecaseSP"/>
  <testcase name="Reference_de" time="7.007" classname="testCases.CandidatecaseSP"/>
  <testcase name="CandidateInitiation" time="29.251" classname="testCases.CandidatecaseSP"/>
  <testcase name="Education_de" time="94.989" classname="testCases.CandidatecaseSP"/>
  <testcase name="Personal_de" time="27.002" classname="testCases.CandidatecaseSP"/>
</testsuite> <!-- testCases.CandidatecaseSP -->
