<?xml version="1.0" encoding="UTF-8"?>
<!-- Generated by org.testng.reporters.JUnitReportReporter -->
<testsuite hostname="KAD-I-002" name="testCases.MainTest2" tests="1" failures="0" timestamp="9 Jul 2018 09:29:46 GMT" time="15.726" errors="0">
  <testcase name="Login" time="15.726" classname="testCases.MainTest2"/>
</testsuite> <!-- testCases.MainTest2 -->
