<?xml version="1.0" encoding="UTF-8"?>
<!-- Generated by org.testng.reporters.JUnitReportReporter -->
<testsuite hostname="KAD-I-002" name="pages.temp" tests="1" failures="0" timestamp="22 Jun 2018 09:05:19 GMT" time="4.652" errors="0">
  <testcase name="getScrollStatus" time="4.652" classname="pages.temp"/>
</testsuite> <!-- pages.temp -->
