<?xml version="1.0" encoding="UTF-8"?>
<!-- Generated by org.testng.reporters.JUnitReportReporter -->
<testsuite hostname="KAD-I-002" name="testCases.MainTest" tests="8" failures="0" timestamp="2 Jul 2018 05:11:29 GMT" time="846.423" errors="0">
  <testcase name="aasignToDE" time="5.065" classname="testCases.MainTest"/>
  <testcase name="dataentry" time="76.465" classname="testCases.MainTest"/>
  <testcase name="caseregistration" time="14.190" classname="testCases.MainTest"/>
  <testcase name="Report" time="3.920" classname="testCases.MainTest"/>
  <testcase name="assigncase" time="58.446" classname="testCases.MainTest"/>
  <testcase name="OperationtmAssign" time="200.712" classname="testCases.MainTest"/>
  <testcase name="Login" time="1.653" classname="testCases.MainTest"/>
  <testcase name="Operationtm" time="485.972" classname="testCases.MainTest"/>
</testsuite> <!-- testCases.MainTest -->
