<?xml version="1.0" encoding="UTF-8"?>
<!-- Generated by org.testng.reporters.JUnitReportReporter -->
<testsuite hostname="KAD-I-002" name="testCases.MainTest" tests="7" failures="0" timestamp="22 Jun 2018 11:19:19 GMT" time="326.123" errors="0">
  <testcase name="OperationtmAssign" time="108.024" classname="testCases.MainTest"/>
  <testcase name="aasignToDE" time="4.116" classname="testCases.MainTest"/>
  <testcase name="Login" time="2.444" classname="testCases.MainTest"/>
  <testcase name="dataentry" time="63.035" classname="testCases.MainTest"/>
  <testcase name="Operationtm" time="84.092" classname="testCases.MainTest"/>
  <testcase name="caseregistration" time="3.756" classname="testCases.MainTest"/>
  <testcase name="assigncase" time="60.656" classname="testCases.MainTest"/>
</testsuite> <!-- testCases.MainTest -->
