<?xml version="1.0" encoding="UTF-8"?>
<!-- Generated by org.testng.reporters.JUnitReportReporter -->
<testsuite hostname="KAD-I-002" name="testCases.MainTest" tests="9" failures="0" timestamp="30 Jun 2018 08:05:31 GMT" time="861.373" errors="0">
  <testcase name="Report" time="7.396" classname="testCases.MainTest"/>
  <testcase name="assigncase" time="59.926" classname="testCases.MainTest"/>
  <testcase name="Login" time="1.093" classname="testCases.MainTest"/>
  <testcase name="dataentry" time="59.729" classname="testCases.MainTest"/>
  <testcase name="OperationtmAssign" time="213.623" classname="testCases.MainTest"/>
  <testcase name="Operationtm" time="480.178" classname="testCases.MainTest"/>
  <testcase name="caseregistration" time="13.318" classname="testCases.MainTest"/>
  <testcase name="aasignToDE" time="4.301" classname="testCases.MainTest"/>
  <testcase name="publishCase" time="21.809" classname="testCases.MainTest"/>
</testsuite> <!-- testCases.MainTest -->
