<?xml version="1.0" encoding="UTF-8"?>
<!-- Generated by org.testng.reporters.JUnitReportReporter -->
<testsuite hostname="KAD-I-002" name="testCases.MainTest" tests="7" failures="0" timestamp="28 Jun 2018 11:45:09 GMT" time="593.916" errors="0">
  <testcase name="assigncase" time="59.556" classname="testCases.MainTest"/>
  <testcase name="Login" time="1.010" classname="testCases.MainTest"/>
  <testcase name="OperationtmAssign" time="185.362" classname="testCases.MainTest"/>
  <testcase name="Operationtm" time="280.424" classname="testCases.MainTest"/>
  <testcase name="aasignToDE" time="3.982" classname="testCases.MainTest"/>
  <testcase name="dataentry" time="60.035" classname="testCases.MainTest"/>
  <testcase name="caseregistration" time="3.547" classname="testCases.MainTest"/>
</testsuite> <!-- testCases.MainTest -->
