<?xml version="1.0" encoding="UTF-8"?>
<!-- Generated by org.testng.reporters.JUnitReportReporter -->
<testsuite hostname="KAD-I-002" name="testCases.CandidatecaseSP" tests="7" failures="0" timestamp="10 Jul 2018 13:17:07 GMT" time="181.935" errors="0">
  <testcase name="CandidateInitiation" time="24.218" classname="testCases.CandidatecaseSP"/>
  <testcase name="checkemail" time="3.949" classname="testCases.CandidatecaseSP"/>
  <testcase name="Personal_de" time="25.134" classname="testCases.CandidatecaseSP"/>
  <testcase name="Education_de" time="95.004" classname="testCases.CandidatecaseSP"/>
  <testcase name="Address_de" time="12.944" classname="testCases.CandidatecaseSP"/>
  <testcase name="Attach_Doc" time="14.435" classname="testCases.CandidatecaseSP"/>
  <testcase name="Reference_de" time="6.251" classname="testCases.CandidatecaseSP"/>
</testsuite> <!-- testCases.CandidatecaseSP -->
