<?xml version="1.0" encoding="UTF-8"?>
<!-- Generated by org.testng.reporters.JUnitReportReporter -->
<testsuite hostname="KAD-I-002" name="testCases.UrlNavigation" tests="6" failures="0" timestamp="3 Jul 2018 11:26:24 GMT" time="440.158" errors="0">
  <testcase name="clientpage" time="17.285" classname="testCases.UrlNavigation"/>
  <testcase name="crtpage" time="68.305" classname="testCases.UrlNavigation"/>
  <testcase name="demotlpage" time="254.771" classname="testCases.UrlNavigation"/>
  <testcase name="deliveryclient" time="12.391" classname="testCases.UrlNavigation"/>
  <testcase name="adminpage" time="72.269" classname="testCases.UrlNavigation"/>
  <testcase name="reportmanager" time="15.137" classname="testCases.UrlNavigation"/>
</testsuite> <!-- testCases.UrlNavigation -->
