<?xml version="1.0" encoding="UTF-8"?>
<!-- Generated by org.testng.reporters.JUnitReportReporter -->
<testsuite hostname="KAD-I-002" name="testCases.Genpactflow" tests="2" failures="0" timestamp="6 Jul 2018 06:25:56 GMT" time="12.190" errors="0">
  <testcase name="Addressdataentry" time="6.796" classname="testCases.Genpactflow"/>
  <testcase name="Login" time="5.394" classname="testCases.Genpactflow"/>
</testsuite> <!-- testCases.Genpactflow -->
