<?xml version="1.0" encoding="UTF-8"?>
<!-- Generated by org.testng.reporters.JUnitReportReporter -->
<testsuite hostname="KAD-I-002" name="testCases.MainTest2" tests="2" failures="0" timestamp="16 Aug 2018 07:21:09 GMT" time="69.502" errors="0">
  <testcase name="Login" time="1.987" classname="testCases.MainTest2"/>
  <testcase name="caseregistration" time="67.515" classname="testCases.MainTest2"/>
</testsuite> <!-- testCases.MainTest2 -->
