<?xml version="1.0" encoding="UTF-8"?>
<!-- Generated by org.testng.reporters.JUnitReportReporter -->
<testsuite hostname="KAD-I-002" name="testCases.Matrixflow" tests="7" failures="0" timestamp="21 Jul 2018 08:07:39 GMT" time="737.036" errors="0">
  <testcase name="Operationtm" time="389.314" classname="testCases.Matrixflow"/>
  <testcase name="Login" time="3.103" classname="testCases.Matrixflow"/>
  <testcase name="dataentry" time="112.222" classname="testCases.Matrixflow"/>
  <testcase name="OperationtmAssign" time="155.049" classname="testCases.Matrixflow"/>
  <testcase name="assigncase" time="66.589" classname="testCases.Matrixflow"/>
  <testcase name="caseregistration" time="3.655" classname="testCases.Matrixflow"/>
  <testcase name="aasignToDE" time="7.104" classname="testCases.Matrixflow"/>
</testsuite> <!-- testCases.Matrixflow -->
