<?xml version="1.0" encoding="UTF-8"?>
<!-- Generated by org.testng.reporters.JUnitReportReporter -->
<testsuite hostname="KAD-I-002" name="pages.temp" tests="1" failures="0" timestamp="16 Jun 2018 09:42:05 GMT" time="0.000" errors="0">
  <testcase name="one" time="0.000" classname="pages.temp"/>
</testsuite> <!-- pages.temp -->
