<?xml version="1.0" encoding="UTF-8"?>
<!-- Generated by org.testng.reporters.JUnitReportReporter -->
<testsuite hostname="KAD-I-002" name="pages.temp" tests="1" failures="0" timestamp="20 Jun 2018 09:10:09 GMT" time="7.087" errors="0">
  <testcase name="getnextMonth" time="7.087" classname="pages.temp"/>
</testsuite> <!-- pages.temp -->
