<?xml version="1.0" encoding="UTF-8"?>
<!-- Generated by org.testng.reporters.JUnitReportReporter -->
<testsuite skipped="0" hostname="KAD-I-032" name="maintest2.Basic" tests="3" failures="0" timestamp="14 Nov 2018 06:49:19 GMT" time="196.918" errors="0">
  <testcase name="Login" time="6.332" classname="maintest2.Basic"/>
  <testcase name="casereg" time="104.127" classname="maintest2.Basic"/>
  <testcase name="dataentry" time="86.459" classname="maintest2.Basic"/>
</testsuite> <!-- maintest2.Basic -->
