<?xml version="1.0" encoding="UTF-8"?>
<!-- Generated by org.testng.reporters.JUnitReportReporter -->
<testsuite skipped="0" hostname="KAD-I-032" name="maintest2.Basic" tests="1" failures="0" timestamp="20 Nov 2018 11:59:07 GMT" time="30.394" errors="0">
  <testcase name="login" time="30.394" classname="maintest2.Basic"/>
</testsuite> <!-- maintest2.Basic -->
