<?xml version="1.0" encoding="UTF-8"?>
<!-- Generated by org.testng.reporters.JUnitReportReporter -->
<testsuite skipped="0" hostname="KAD-I-032" name="maintest.CandidateCaseRegistration" tests="2" failures="0" timestamp="16 Nov 2018 13:08:11 GMT" time="32.259" errors="0">
  <testcase name="CandidateInitiate" time="5.894" classname="maintest.CandidateCaseRegistration"/>
  <testcase name="CandidatedataEntry" time="26.365" classname="maintest.CandidateCaseRegistration"/>
</testsuite> <!-- maintest.CandidateCaseRegistration -->
