<?xml version="1.0" encoding="UTF-8"?>
<!-- Generated by org.testng.reporters.JUnitReportReporter -->
<testsuite hostname="KAD-I-032" name="maintest2.Basic" tests="2" failures="0" timestamp="19 Oct 2018 12:37:00 GMT" time="47.341" errors="0">
  <testcase name="Login" time="8.324" classname="maintest2.Basic"/>
  <testcase name="dataEntry" time="39.017" classname="maintest2.Basic"/>
</testsuite> <!-- maintest2.Basic -->
