<?xml version="1.0" encoding="UTF-8"?>
<!-- Generated by org.testng.reporters.JUnitReportReporter -->
<testsuite skipped="0" hostname="KAD-I-032" name="maintest.CandidateCaseRegistration" tests="20" failures="0" timestamp="29 Nov 2018 09:52:14 GMT" time="1197.351" errors="0">
  <testcase name="CandidateInitiate" time="8.826" classname="maintest.CandidateCaseRegistration"/>
  <testcase name="CandidatedataEntry" time="141.293" classname="maintest.CandidateCaseRegistration"/>
  <testcase name="Address" time="23.987" classname="maintest.CandidateCaseRegistration"/>
  <testcase name="Education" time="5.384" classname="maintest.CandidateCaseRegistration"/>
  <testcase name="Employment" time="5.299" classname="maintest.CandidateCaseRegistration"/>
  <testcase name="VoterId" time="4.900" classname="maintest.CandidateCaseRegistration"/>
  <testcase name="Reference" time="5.004" classname="maintest.CandidateCaseRegistration"/>
  <testcase name="ClientSubmit" time="31.514" classname="maintest.CandidateCaseRegistration"/>
  <testcase name="DataEntryQC" time="132.948" classname="maintest.CandidateCaseRegistration"/>
  <testcase name="VerificationSupervisor" time="40.645" classname="maintest.CandidateCaseRegistration"/>
  <testcase name="VerificationIntiation" time="240.912" classname="maintest.CandidateCaseRegistration"/>
  <testcase name="AddressVerification" time="111.552" classname="maintest.CandidateCaseRegistration"/>
  <testcase name="EducationVerification" time="60.555" classname="maintest.CandidateCaseRegistration"/>
  <testcase name="EmploymentVerification" time="54.702" classname="maintest.CandidateCaseRegistration"/>
  <testcase name="ReferenceVerification" time="52.198" classname="maintest.CandidateCaseRegistration"/>
  <testcase name="IDVerification" time="51.626" classname="maintest.CandidateCaseRegistration"/>
  <testcase name="ReportGenerationSupervision" time="69.474" classname="maintest.CandidateCaseRegistration"/>
  <testcase name="ReportGenerationSubmit" time="55.924" classname="maintest.CandidateCaseRegistration"/>
  <testcase name="ReportValidationSupervisor" time="37.636" classname="maintest.CandidateCaseRegistration"/>
  <testcase name="ReportValidation" time="62.972" classname="maintest.CandidateCaseRegistration"/>
</testsuite> <!-- maintest.CandidateCaseRegistration -->
