<?xml version="1.0" encoding="UTF-8"?>
<!-- Generated by org.testng.reporters.JUnitReportReporter -->
<testsuite hostname="KAD-I-032" name="maintest2.Basic" tests="2" failures="0" timestamp="24 Oct 2018 12:16:11 GMT" time="58.404" errors="0">
  <testcase name="dataEntry" time="49.039" classname="maintest2.Basic"/>
  <testcase name="Login" time="9.365" classname="maintest2.Basic"/>
</testsuite> <!-- maintest2.Basic -->
