<?xml version="1.0" encoding="UTF-8"?>
<!-- Generated by org.testng.reporters.JUnitReportReporter -->
<testsuite skipped="0" hostname="KAD-I-032" name="maintest.FullFlow" tests="15" failures="0" timestamp="29 Oct 2018 12:40:39 GMT" time="1429.724" errors="0">
  <testcase name="Login" time="11.885" classname="maintest.FullFlow"/>
  <testcase name="caseregistration" time="38.586" classname="maintest.FullFlow"/>
  <testcase name="dataEntryAssign" time="97.367" classname="maintest.FullFlow"/>
  <testcase name="dataEntry" time="825.752" classname="maintest.FullFlow"/>
  <testcase name="dataEntryQCAssign" time="84.691" classname="maintest.FullFlow"/>
  <testcase name="AddressDEQC" time="84.110" classname="maintest.FullFlow"/>
  <testcase name="EducationDEQC" time="80.910" classname="maintest.FullFlow"/>
  <testcase name="EmploymentDEQC" time="62.154" classname="maintest.FullFlow"/>
  <testcase name="ReferenceDEQC" time="13.379" classname="maintest.FullFlow"/>
  <testcase name="DataBaseDEQC" time="13.278" classname="maintest.FullFlow"/>
  <testcase name="CriminalDEQC" time="32.049" classname="maintest.FullFlow"/>
  <testcase name="CreditDEQC" time="11.936" classname="maintest.FullFlow"/>
  <testcase name="CourtDEQC" time="31.259" classname="maintest.FullFlow"/>
  <testcase name="IdDEQC" time="27.394" classname="maintest.FullFlow"/>
  <testcase name="VerificationSupervisor" time="14.974" classname="maintest.FullFlow"/>
</testsuite> <!-- maintest.FullFlow -->
