<?xml version="1.0" encoding="UTF-8"?>
<!-- Generated by org.testng.reporters.JUnitReportReporter -->
<testsuite hostname="KAD-I-032" name="maintest2.Basic" tests="2" failures="0" timestamp="23 Oct 2018 07:22:26 GMT" time="31.641" errors="0">
  <testcase name="dataEntry" time="23.015" classname="maintest2.Basic"/>
  <testcase name="Login" time="8.626" classname="maintest2.Basic"/>
</testsuite> <!-- maintest2.Basic -->
