<?xml version="1.0" encoding="UTF-8"?>
<!-- Generated by org.testng.reporters.JUnitReportReporter -->
<testsuite skipped="0" hostname="KAD-I-032" name="maintest2.Basic" tests="2" failures="0" timestamp="15 Nov 2018 11:10:51 GMT" time="42.950" errors="0">
  <testcase name="login" time="11.079" classname="maintest2.Basic"/>
  <testcase name="TC_SPCR_027" time="31.871" classname="maintest2.Basic"/>
</testsuite> <!-- maintest2.Basic -->
