<?xml version="1.0" encoding="UTF-8"?>
<!-- Generated by org.testng.reporters.JUnitReportReporter -->
<testsuite skipped="0" hostname="KAD-I-032" name="maintest.FullFlow" tests="26" failures="0" timestamp="01 Nov 2018 08:42:21 GMT" time="2321.775" errors="0">
  <testcase name="login" time="8.877" classname="maintest.FullFlow"/>
  <testcase name="caseregistration" time="35.327" classname="maintest.FullFlow"/>
  <testcase name="dataEntryAssign" time="90.319" classname="maintest.FullFlow"/>
  <testcase name="dataEntry" time="483.017" classname="maintest.FullFlow"/>
  <testcase name="dataEntryQCAssign" time="66.251" classname="maintest.FullFlow"/>
  <testcase name="AddressDEQC" time="35.498" classname="maintest.FullFlow"/>
  <testcase name="EducationDEQC" time="28.139" classname="maintest.FullFlow"/>
  <testcase name="EmploymentDEQC" time="27.407" classname="maintest.FullFlow"/>
  <testcase name="ReferenceDEQC" time="13.128" classname="maintest.FullFlow"/>
  <testcase name="DataBaseDEQC" time="13.511" classname="maintest.FullFlow"/>
  <testcase name="CriminalDEQC" time="31.365" classname="maintest.FullFlow"/>
  <testcase name="CreditDEQC" time="11.882" classname="maintest.FullFlow"/>
  <testcase name="CourtDEQC" time="30.413" classname="maintest.FullFlow"/>
  <testcase name="IdDEQC" time="27.010" classname="maintest.FullFlow"/>
  <testcase name="VerificationSupervisor" time="58.103" classname="maintest.FullFlow"/>
  <testcase name="VerificationIntiation" time="491.829" classname="maintest.FullFlow"/>
  <testcase name="AddressVerification" time="154.321" classname="maintest.FullFlow"/>
  <testcase name="EducationVerification" time="102.590" classname="maintest.FullFlow"/>
  <testcase name="EmploymentVerification" time="98.647" classname="maintest.FullFlow"/>
  <testcase name="ReferenceVerification" time="52.333" classname="maintest.FullFlow"/>
  <testcase name="DatabaseVerification" time="66.984" classname="maintest.FullFlow"/>
  <testcase name="CriminalVerification" time="93.710" classname="maintest.FullFlow"/>
  <testcase name="CreditVerification" time="50.846" classname="maintest.FullFlow"/>
  <testcase name="CourtVerification" time="101.243" classname="maintest.FullFlow"/>
  <testcase name="IDVerification" time="85.474" classname="maintest.FullFlow"/>
  <testcase name="DrugVerification" time="63.551" classname="maintest.FullFlow"/>
</testsuite> <!-- maintest.FullFlow -->
