<?xml version="1.0" encoding="UTF-8"?>
<!-- Generated by org.testng.reporters.JUnitReportReporter -->
<testsuite skipped="0" hostname="KAD-I-032" name="maintest2.Basic" tests="2" failures="0" timestamp="26 Oct 2018 13:20:59 GMT" time="49.124" errors="0">
  <testcase name="Login" time="9.158" classname="maintest2.Basic"/>
  <testcase name="dataEntry" time="39.966" classname="maintest2.Basic"/>
</testsuite> <!-- maintest2.Basic -->
