<?xml version="1.0" encoding="UTF-8"?>
<!-- Generated by org.testng.reporters.JUnitReportReporter -->
<testsuite skipped="1" hostname="KAD-I-032" name="maintest.FullFlow" tests="41" failures="0" timestamp="15 Nov 2018 07:38:37 GMT" time="2916.117" errors="0">
  <testcase name="login" time="35.072" classname="maintest.FullFlow"/>
  <testcase name="caseregistration" time="36.907" classname="maintest.FullFlow"/>
  <testcase name="dataEntryAssign" time="40.533" classname="maintest.FullFlow"/>
  <testcase name="dataEntry" time="495.786" classname="maintest.FullFlow"/>
  <testcase name="dataEntryQCAssign" time="50.448" classname="maintest.FullFlow"/>
  <testcase name="AddressDEQC" time="34.463" classname="maintest.FullFlow"/>
  <testcase name="EducationDEQC" time="29.217" classname="maintest.FullFlow"/>
  <testcase name="EmploymentDEQC" time="28.112" classname="maintest.FullFlow"/>
  <testcase name="ReferenceDEQC" time="13.346" classname="maintest.FullFlow"/>
  <testcase name="DataBaseDEQC" time="13.585" classname="maintest.FullFlow"/>
  <testcase name="CriminalDEQC" time="31.689" classname="maintest.FullFlow"/>
  <testcase name="CreditDEQC" time="11.889" classname="maintest.FullFlow"/>
  <testcase name="CourtDEQC" time="30.965" classname="maintest.FullFlow"/>
  <testcase name="IdDEQC" time="27.342" classname="maintest.FullFlow"/>
  <testcase name="VerificationSupervisor" time="32.435" classname="maintest.FullFlow"/>
  <testcase name="VerificationIntiation" time="507.604" classname="maintest.FullFlow"/>
  <testcase name="AddressVerification" time="162.621" classname="maintest.FullFlow"/>
  <testcase name="EducationVerification" time="106.948" classname="maintest.FullFlow"/>
  <testcase name="EmploymentVerification" time="102.320" classname="maintest.FullFlow"/>
  <testcase name="ReferenceVerification" time="53.618" classname="maintest.FullFlow"/>
  <testcase name="DatabaseVerification" time="67.876" classname="maintest.FullFlow"/>
  <testcase name="CriminalVerification" time="96.569" classname="maintest.FullFlow"/>
  <testcase name="CreditVerification" time="52.908" classname="maintest.FullFlow"/>
  <testcase name="CourtVerification" time="105.893" classname="maintest.FullFlow"/>
  <testcase name="IDVerification" time="90.065" classname="maintest.FullFlow"/>
  <testcase name="DrugVerification" time="64.393" classname="maintest.FullFlow"/>
  <testcase name="ReportGenerationSupervision" time="66.800" classname="maintest.FullFlow"/>
  <testcase name="AddressReportGeneration" time="80.364" classname="maintest.FullFlow"/>
  <testcase name="EducationReportGeneration" time="63.143" classname="maintest.FullFlow"/>
  <testcase name="EmploymentReportGeneration" time="78.719" classname="maintest.FullFlow"/>
  <testcase name="ReferenceReportGeneration" time="10.139" classname="maintest.FullFlow"/>
  <testcase name="DatabaseReportGeneration" time="1.788" classname="maintest.FullFlow"/>
  <testcase name="CriminalReportGeneration" time="45.836" classname="maintest.FullFlow"/>
  <testcase name="CreditReportGeneration" time="18.787" classname="maintest.FullFlow"/>
  <testcase name="CourtReportGeneration" time="45.753" classname="maintest.FullFlow"/>
  <testcase name="DrugReportGeneration" time="8.349" classname="maintest.FullFlow"/>
  <testcase name="IdReportGeneration" time="38.836" classname="maintest.FullFlow"/>
  <testcase name="ReportValidationSupervisor" time="37.804" classname="maintest.FullFlow"/>
  <testcase name="ReportGenerationSubmit" time="39.491" classname="maintest.FullFlow"/>
  <testcase name="ReportValidation" time="57.704" classname="maintest.FullFlow"/>
  <testcase name="readPdfIndex" classname="maintest.FullFlow">
    <skipped/>
  </testcase> <!-- readPdfIndex -->
</testsuite> <!-- maintest.FullFlow -->
