<?xml version="1.0" encoding="UTF-8"?>
<!-- Generated by org.testng.reporters.JUnitReportReporter -->
<testsuite skipped="9" hostname="KAD-I-032" name="maintest.CandidateCaseRegistration" tests="11" failures="0" timestamp="22 Nov 2018 10:34:51 GMT" time="34.235" errors="1">
  <testcase name="CandidateInitiate" time="8.020" classname="maintest.CandidateCaseRegistration"/>
  <testcase name="CandidatedataEntry" time="26.215" classname="maintest.CandidateCaseRegistration">
    <error type="java.lang.NoClassDefFoundError" message="candidate/Address">
      <![CDATA[java.lang.NoClassDefFoundError: candidate/Address
at environment.Pages.Address(Pages.java:176)
at maintest.CandidateCaseRegistration.CandidatedataEntry(CandidateCaseRegistration.java:127)
at sun.reflect.NativeMethodAccessorImpl.invoke0(Native Method)
at sun.reflect.NativeMethodAccessorImpl.invoke(Unknown Source)
at sun.reflect.DelegatingMethodAccessorImpl.invoke(Unknown Source)
at java.lang.reflect.Method.invoke(Unknown Source)
at org.testng.internal.MethodInvocationHelper.invokeMethod(MethodInvocationHelper.java:124)
at org.testng.internal.Invoker.invokeMethod(Invoker.java:580)
at org.testng.internal.Invoker.invokeTestMethod(Invoker.java:716)
at org.testng.internal.Invoker.invokeTestMethods(Invoker.java:988)
at org.testng.internal.TestMethodWorker.invokeTestMethods(TestMethodWorker.java:125)
at org.testng.internal.TestMethodWorker.run(TestMethodWorker.java:109)
at org.testng.TestRunner.privateRun(TestRunner.java:648)
at org.testng.TestRunner.run(TestRunner.java:505)
at org.testng.SuiteRunner.runTest(SuiteRunner.java:455)
at org.testng.SuiteRunner.runSequentially(SuiteRunner.java:450)
at org.testng.SuiteRunner.privateRun(SuiteRunner.java:415)
at org.testng.SuiteRunner.run(SuiteRunner.java:364)
at org.testng.SuiteRunnerWorker.runSuite(SuiteRunnerWorker.java:52)
at org.testng.SuiteRunnerWorker.run(SuiteRunnerWorker.java:84)
at org.testng.TestNG.runSuitesSequentially(TestNG.java:1208)
at org.testng.TestNG.runSuitesLocally(TestNG.java:1137)
at org.testng.TestNG.runSuites(TestNG.java:1049)
at org.testng.TestNG.run(TestNG.java:1017)
at org.testng.remote.AbstractRemoteTestNG.run(AbstractRemoteTestNG.java:114)
at org.testng.remote.RemoteTestNG.initAndRun(RemoteTestNG.java:251)
at org.testng.remote.RemoteTestNG.main(RemoteTestNG.java:77)
Caused by: java.lang.ClassNotFoundException: candidate.Address
at java.net.URLClassLoader.findClass(Unknown Source)
at java.lang.ClassLoader.loadClass(Unknown Source)
at sun.misc.Launcher$AppClassLoader.loadClass(Unknown Source)
at java.lang.ClassLoader.loadClass(Unknown Source)
... 27 more
]]>
    </error>
  </testcase> <!-- CandidatedataEntry -->
  <testcase name="Address" time="0.000" classname="maintest.CandidateCaseRegistration">
    <skipped/>
  </testcase> <!-- Address -->
  <testcase name="Education" time="0.000" classname="maintest.CandidateCaseRegistration">
    <skipped/>
  </testcase> <!-- Education -->
  <testcase name="Employment" time="0.000" classname="maintest.CandidateCaseRegistration">
    <skipped/>
  </testcase> <!-- Employment -->
  <testcase name="VoterId" time="0.000" classname="maintest.CandidateCaseRegistration">
    <skipped/>
  </testcase> <!-- VoterId -->
  <testcase name="Reference" time="0.000" classname="maintest.CandidateCaseRegistration">
    <skipped/>
  </testcase> <!-- Reference -->
  <testcase name="ClientSubmit" time="0.000" classname="maintest.CandidateCaseRegistration">
    <skipped/>
  </testcase> <!-- ClientSubmit -->
  <testcase name="VerificationSupervisor" time="0.000" classname="maintest.CandidateCaseRegistration">
    <skipped/>
  </testcase> <!-- VerificationSupervisor -->
  <testcase name="DataEntryQC" time="0.000" classname="maintest.CandidateCaseRegistration">
    <skipped/>
  </testcase> <!-- DataEntryQC -->
  <testcase name="VerificationIntiation" time="0.000" classname="maintest.CandidateCaseRegistration">
    <skipped/>
  </testcase> <!-- VerificationIntiation -->
</testsuite> <!-- maintest.CandidateCaseRegistration -->
