<?xml version="1.0" encoding="UTF-8"?>
<!-- Generated by org.testng.reporters.JUnitReportReporter -->
<testsuite hostname="KAD-I-032" name="maintest.FullFlow" tests="4" failures="0" timestamp="19 Oct 2018 11:48:16 GMT" time="191.043" errors="0">
  <testcase name="caseregistration" time="40.186" classname="maintest.FullFlow"/>
  <testcase name="dataEntryAssign" time="105.155" classname="maintest.FullFlow"/>
  <testcase name="Login" time="34.855" classname="maintest.FullFlow"/>
  <testcase name="dataEntry" time="10.847" classname="maintest.FullFlow"/>
</testsuite> <!-- maintest.FullFlow -->
