<?xml version="1.0" encoding="UTF-8"?>
<!-- Generated by org.testng.reporters.JUnitReportReporter -->
<testsuite hostname="KAD-I-032" name="maintest.FullFlow" tests="4" failures="0" timestamp="24 Oct 2018 13:15:24 GMT" time="384.928" errors="0">
  <testcase name="caseregistration" time="37.198" classname="maintest.FullFlow"/>
  <testcase name="dataEntry" time="259.552" classname="maintest.FullFlow"/>
  <testcase name="Login" time="12.223" classname="maintest.FullFlow"/>
  <testcase name="dataEntryAssign" time="75.955" classname="maintest.FullFlow"/>
</testsuite> <!-- maintest.FullFlow -->
