<?xml version="1.0" encoding="UTF-8"?>
<!-- Generated by org.testng.reporters.JUnitReportReporter -->
<testsuite skipped="0" hostname="KAD-I-032" name="maintest.FullFlow" tests="17" failures="0" timestamp="30 Oct 2018 13:17:24 GMT" time="1653.594" errors="0">
  <testcase name="Login" time="8.479" classname="maintest.FullFlow"/>
  <testcase name="caseregistration" time="36.595" classname="maintest.FullFlow"/>
  <testcase name="dataEntryAssign" time="80.027" classname="maintest.FullFlow"/>
  <testcase name="dataEntry" time="489.293" classname="maintest.FullFlow"/>
  <testcase name="dataEntryQCAssign" time="64.775" classname="maintest.FullFlow"/>
  <testcase name="AddressDEQC" time="82.429" classname="maintest.FullFlow"/>
  <testcase name="EducationDEQC" time="28.640" classname="maintest.FullFlow"/>
  <testcase name="EmploymentDEQC" time="27.125" classname="maintest.FullFlow"/>
  <testcase name="ReferenceDEQC" time="13.067" classname="maintest.FullFlow"/>
  <testcase name="DataBaseDEQC" time="13.140" classname="maintest.FullFlow"/>
  <testcase name="CriminalDEQC" time="31.028" classname="maintest.FullFlow"/>
  <testcase name="CreditDEQC" time="11.812" classname="maintest.FullFlow"/>
  <testcase name="CourtDEQC" time="30.129" classname="maintest.FullFlow"/>
  <testcase name="IdDEQC" time="26.499" classname="maintest.FullFlow"/>
  <testcase name="VerificationSupervisor" time="61.969" classname="maintest.FullFlow"/>
  <testcase name="VerificationIntiation" time="498.715" classname="maintest.FullFlow"/>
  <testcase name="AddressVerification" time="149.872" classname="maintest.FullFlow"/>
</testsuite> <!-- maintest.FullFlow -->
