<?xml version="1.0" encoding="UTF-8"?>
<!-- Generated by org.testng.reporters.JUnitReportReporter -->
<testsuite skipped="0" hostname="KAD-I-032" name="maintest.FullFlow" tests="9" failures="0" timestamp="26 Oct 2018 13:35:11 GMT" time="798.829" errors="0">
  <testcase name="Login" time="8.557" classname="maintest.FullFlow"/>
  <testcase name="caseregistration" time="35.823" classname="maintest.FullFlow"/>
  <testcase name="dataEntryAssign" time="121.114" classname="maintest.FullFlow"/>
  <testcase name="dataEntry" time="482.432" classname="maintest.FullFlow"/>
  <testcase name="dataEntryQCAssign" time="61.847" classname="maintest.FullFlow"/>
  <testcase name="AddressDEQC" time="26.926" classname="maintest.FullFlow"/>
  <testcase name="EducationDEQC" time="26.007" classname="maintest.FullFlow"/>
  <testcase name="EmploymentDEQC" time="26.554" classname="maintest.FullFlow"/>
  <testcase name="ReferenceDEQC" time="9.569" classname="maintest.FullFlow"/>
</testsuite> <!-- maintest.FullFlow -->
