<?xml version="1.0" encoding="UTF-8"?>
<!-- Generated by org.testng.reporters.JUnitReportReporter -->
<testsuite skipped="0" hostname="KAD-I-032" name="maintest2.Basic" tests="2" failures="0" timestamp="30 Oct 2018 12:18:11 GMT" time="102.563" errors="0">
  <testcase name="Login" time="9.004" classname="maintest2.Basic"/>
  <testcase name="dataEntry" time="93.559" classname="maintest2.Basic"/>
</testsuite> <!-- maintest2.Basic -->
