<?xml version="1.0" encoding="UTF-8"?>
<!-- Generated by org.testng.reporters.JUnitReportReporter -->
<testsuite skipped="37" hostname="KAD-I-032" name="maintest.ClientCaseReg" tests="41" failures="0" timestamp="26 Nov 2018 12:50:51 GMT" time="192.001" errors="1">
  <testcase name="login" time="8.685" classname="maintest.ClientCaseReg"/>
  <testcase name="caseregistration" time="104.636" classname="maintest.ClientCaseReg"/>
  <testcase name="dataEntryAssign" time="78.680" classname="maintest.ClientCaseReg"/>
  <testcase name="dataEntry" time="0.000" classname="maintest.ClientCaseReg">
    <error type="java.lang.NoClassDefFoundError" message="dashboard/DataEntry">
      <![CDATA[java.lang.NoClassDefFoundError: dashboard/DataEntry
at environment.Pages.DataEntry(Pages.java:99)
at maintest.ClientCaseReg.dataEntry(ClientCaseReg.java:158)
at sun.reflect.NativeMethodAccessorImpl.invoke0(Native Method)
at sun.reflect.NativeMethodAccessorImpl.invoke(Unknown Source)
at sun.reflect.DelegatingMethodAccessorImpl.invoke(Unknown Source)
at java.lang.reflect.Method.invoke(Unknown Source)
at org.testng.internal.MethodInvocationHelper.invokeMethod(MethodInvocationHelper.java:124)
at org.testng.internal.Invoker.invokeMethod(Invoker.java:580)
at org.testng.internal.Invoker.invokeTestMethod(Invoker.java:716)
at org.testng.internal.Invoker.invokeTestMethods(Invoker.java:988)
at org.testng.internal.TestMethodWorker.invokeTestMethods(TestMethodWorker.java:125)
at org.testng.internal.TestMethodWorker.run(TestMethodWorker.java:109)
at org.testng.TestRunner.privateRun(TestRunner.java:648)
at org.testng.TestRunner.run(TestRunner.java:505)
at org.testng.SuiteRunner.runTest(SuiteRunner.java:455)
at org.testng.SuiteRunner.runSequentially(SuiteRunner.java:450)
at org.testng.SuiteRunner.privateRun(SuiteRunner.java:415)
at org.testng.SuiteRunner.run(SuiteRunner.java:364)
at org.testng.SuiteRunnerWorker.runSuite(SuiteRunnerWorker.java:52)
at org.testng.SuiteRunnerWorker.run(SuiteRunnerWorker.java:84)
at org.testng.TestNG.runSuitesSequentially(TestNG.java:1208)
at org.testng.TestNG.runSuitesLocally(TestNG.java:1137)
at org.testng.TestNG.runSuites(TestNG.java:1049)
at org.testng.TestNG.run(TestNG.java:1017)
at org.testng.remote.AbstractRemoteTestNG.run(AbstractRemoteTestNG.java:114)
at org.testng.remote.RemoteTestNG.initAndRun(RemoteTestNG.java:251)
at org.testng.remote.RemoteTestNG.main(RemoteTestNG.java:77)
Caused by: java.lang.ClassNotFoundException: dashboard.DataEntry
at java.net.URLClassLoader.findClass(Unknown Source)
at java.lang.ClassLoader.loadClass(Unknown Source)
at sun.misc.Launcher$AppClassLoader.loadClass(Unknown Source)
at java.lang.ClassLoader.loadClass(Unknown Source)
... 27 more
]]>
    </error>
  </testcase> <!-- dataEntry -->
  <testcase name="dataEntryQCAssign" time="0.000" classname="maintest.ClientCaseReg">
    <skipped/>
  </testcase> <!-- dataEntryQCAssign -->
  <testcase name="AddressDEQC" time="0.000" classname="maintest.ClientCaseReg">
    <skipped/>
  </testcase> <!-- AddressDEQC -->
  <testcase name="EducationDEQC" time="0.000" classname="maintest.ClientCaseReg">
    <skipped/>
  </testcase> <!-- EducationDEQC -->
  <testcase name="EmploymentDEQC" time="0.000" classname="maintest.ClientCaseReg">
    <skipped/>
  </testcase> <!-- EmploymentDEQC -->
  <testcase name="ReferenceDEQC" time="0.000" classname="maintest.ClientCaseReg">
    <skipped/>
  </testcase> <!-- ReferenceDEQC -->
  <testcase name="DataBaseDEQC" time="0.000" classname="maintest.ClientCaseReg">
    <skipped/>
  </testcase> <!-- DataBaseDEQC -->
  <testcase name="CriminalDEQC" time="0.000" classname="maintest.ClientCaseReg">
    <skipped/>
  </testcase> <!-- CriminalDEQC -->
  <testcase name="CreditDEQC" time="0.000" classname="maintest.ClientCaseReg">
    <skipped/>
  </testcase> <!-- CreditDEQC -->
  <testcase name="CourtDEQC" time="0.000" classname="maintest.ClientCaseReg">
    <skipped/>
  </testcase> <!-- CourtDEQC -->
  <testcase name="IdDEQC" time="0.000" classname="maintest.ClientCaseReg">
    <skipped/>
  </testcase> <!-- IdDEQC -->
  <testcase name="VerificationSupervisor" time="0.000" classname="maintest.ClientCaseReg">
    <skipped/>
  </testcase> <!-- VerificationSupervisor -->
  <testcase name="VerificationIntiation" time="0.000" classname="maintest.ClientCaseReg">
    <skipped/>
  </testcase> <!-- VerificationIntiation -->
  <testcase name="AddressVerification" time="0.000" classname="maintest.ClientCaseReg">
    <skipped/>
  </testcase> <!-- AddressVerification -->
  <testcase name="EducationVerification" time="0.000" classname="maintest.ClientCaseReg">
    <skipped/>
  </testcase> <!-- EducationVerification -->
  <testcase name="EmploymentVerification" time="0.000" classname="maintest.ClientCaseReg">
    <skipped/>
  </testcase> <!-- EmploymentVerification -->
  <testcase name="ReferenceVerification" time="0.000" classname="maintest.ClientCaseReg">
    <skipped/>
  </testcase> <!-- ReferenceVerification -->
  <testcase name="DatabaseVerification" time="0.000" classname="maintest.ClientCaseReg">
    <skipped/>
  </testcase> <!-- DatabaseVerification -->
  <testcase name="CriminalVerification" time="0.000" classname="maintest.ClientCaseReg">
    <skipped/>
  </testcase> <!-- CriminalVerification -->
  <testcase name="CreditVerification" time="0.000" classname="maintest.ClientCaseReg">
    <skipped/>
  </testcase> <!-- CreditVerification -->
  <testcase name="CourtVerification" time="0.000" classname="maintest.ClientCaseReg">
    <skipped/>
  </testcase> <!-- CourtVerification -->
  <testcase name="IDVerification" time="0.000" classname="maintest.ClientCaseReg">
    <skipped/>
  </testcase> <!-- IDVerification -->
  <testcase name="DrugVerification" time="0.000" classname="maintest.ClientCaseReg">
    <skipped/>
  </testcase> <!-- DrugVerification -->
  <testcase name="ReportGenerationSupervision" time="0.000" classname="maintest.ClientCaseReg">
    <skipped/>
  </testcase> <!-- ReportGenerationSupervision -->
  <testcase name="AddressReportGeneration" time="0.000" classname="maintest.ClientCaseReg">
    <skipped/>
  </testcase> <!-- AddressReportGeneration -->
  <testcase name="EducationReportGeneration" time="0.000" classname="maintest.ClientCaseReg">
    <skipped/>
  </testcase> <!-- EducationReportGeneration -->
  <testcase name="EmploymentReportGeneration" time="0.000" classname="maintest.ClientCaseReg">
    <skipped/>
  </testcase> <!-- EmploymentReportGeneration -->
  <testcase name="ReferenceReportGeneration" time="0.000" classname="maintest.ClientCaseReg">
    <skipped/>
  </testcase> <!-- ReferenceReportGeneration -->
  <testcase name="DatabaseReportGeneration" time="0.000" classname="maintest.ClientCaseReg">
    <skipped/>
  </testcase> <!-- DatabaseReportGeneration -->
  <testcase name="CriminalReportGeneration" time="0.000" classname="maintest.ClientCaseReg">
    <skipped/>
  </testcase> <!-- CriminalReportGeneration -->
  <testcase name="CreditReportGeneration" time="0.000" classname="maintest.ClientCaseReg">
    <skipped/>
  </testcase> <!-- CreditReportGeneration -->
  <testcase name="CourtReportGeneration" time="0.000" classname="maintest.ClientCaseReg">
    <skipped/>
  </testcase> <!-- CourtReportGeneration -->
  <testcase name="DrugReportGeneration" time="0.000" classname="maintest.ClientCaseReg">
    <skipped/>
  </testcase> <!-- DrugReportGeneration -->
  <testcase name="IdReportGeneration" time="0.000" classname="maintest.ClientCaseReg">
    <skipped/>
  </testcase> <!-- IdReportGeneration -->
  <testcase name="ReportGenerationSubmit" time="0.000" classname="maintest.ClientCaseReg">
    <skipped/>
  </testcase> <!-- ReportGenerationSubmit -->
  <testcase name="ReportValidationSupervisor" time="0.000" classname="maintest.ClientCaseReg">
    <skipped/>
  </testcase> <!-- ReportValidationSupervisor -->
  <testcase name="ReportValidation" time="0.000" classname="maintest.ClientCaseReg">
    <skipped/>
  </testcase> <!-- ReportValidation -->
  <testcase name="readPdfIndex" classname="maintest.ClientCaseReg">
    <skipped/>
  </testcase> <!-- readPdfIndex -->
</testsuite> <!-- maintest.ClientCaseReg -->
