<?xml version="1.0" encoding="UTF-8"?>
<!-- Generated by org.testng.reporters.JUnitReportReporter -->
<testsuite skipped="14" hostname="KAD-I-032" name="maintest.FullFlow" tests="41" failures="1" timestamp="09 Nov 2018 12:45:56 GMT" time="2909.260" errors="1">
  <testcase name="login" time="8.921" classname="maintest.FullFlow"/>
  <testcase name="caseregistration" time="37.040" classname="maintest.FullFlow"/>
  <testcase name="dataEntryAssign" time="41.606" classname="maintest.FullFlow"/>
  <testcase name="dataEntry" time="533.468" classname="maintest.FullFlow"/>
  <testcase name="dataEntryQCAssign" time="69.783" classname="maintest.FullFlow"/>
  <testcase name="AddressDEQC" time="35.772" classname="maintest.FullFlow"/>
  <testcase name="EducationDEQC" time="28.577" classname="maintest.FullFlow"/>
  <testcase name="EmploymentDEQC" time="27.642" classname="maintest.FullFlow"/>
  <testcase name="ReferenceDEQC" time="13.065" classname="maintest.FullFlow"/>
  <testcase name="DataBaseDEQC" time="13.234" classname="maintest.FullFlow"/>
  <testcase name="CriminalDEQC" time="45.118" classname="maintest.FullFlow"/>
  <testcase name="CreditDEQC" time="11.828" classname="maintest.FullFlow"/>
  <testcase name="CourtDEQC" time="30.921" classname="maintest.FullFlow"/>
  <testcase name="IdDEQC" time="26.830" classname="maintest.FullFlow"/>
  <testcase name="VerificationSupervisor" time="31.272" classname="maintest.FullFlow"/>
  <testcase name="VerificationIntiation" time="739.793" classname="maintest.FullFlow"/>
  <testcase name="AddressVerification" time="283.537" classname="maintest.FullFlow"/>
  <testcase name="EducationVerification" time="105.543" classname="maintest.FullFlow"/>
  <testcase name="EmploymentVerification" time="193.462" classname="maintest.FullFlow"/>
  <testcase name="ReferenceVerification" time="54.256" classname="maintest.FullFlow"/>
  <testcase name="DatabaseVerification" time="36.947" classname="maintest.FullFlow">
    <error type="org.openqa.selenium.InvalidElementStateException" message="invalid element state
  (Session info: chrome=70.0.3538.77)
  (Driver info: chromedriver=2.42.591088 (7b2b2dca23cca0862f674758c9a3933e685c27d5),platform=Windows NT 6.1.7601 SP1 x86) (WARNING: The server did not provide any stacktrace information)
Command duration or timeout: 0 milliseconds
Build info: version: &#039;3.14.0&#039;, revision: &#039;aacccce0&#039;, time: &#039;2018-08-02T20:19:58.91Z&#039;
System info: host: &#039;KAD-I-032&#039;, ip: &#039;192.168.2.67&#039;, os.name: &#039;Windows 7&#039;, os.arch: &#039;x86&#039;, os.version: &#039;6.1&#039;, java.version: &#039;1.8.0_191&#039;
Driver info: org.openqa.selenium.chrome.ChromeDriver
Capabilities {acceptInsecureCerts: false, acceptSslCerts: false, applicationCacheEnabled: false, browserConnectionEnabled: false, browserName: chrome, chrome: {chromedriverVersion: 2.42.591088 (7b2b2dca23cca0..., userDataDir: C:\Users\admin\AppData\Loca...}, cssSelectorsEnabled: true, databaseEnabled: false, goog:chromeOptions: {debuggerAddress: localhost:61717}, handlesAlerts: true, hasTouchScreen: false, javascriptEnabled: true, locationContextEnabled: true, mobileEmulationEnabled: false, nativeEvents: true, networkConnectionEnabled: false, pageLoadStrategy: normal, platform: XP, platformName: XP, rotatable: false, setWindowRect: true, takesHeapSnapshot: true, takesScreenshot: true, unexpectedAlertBehaviour: , unhandledPromptBehavior: , version: 70.0.3538.77, webStorageEnabled: true}
Session ID: 2cd59adcd93141854f2737572b50b8d5">
      <![CDATA[org.openqa.selenium.InvalidElementStateException: invalid element state
  (Session info: chrome=70.0.3538.77)
  (Driver info: chromedriver=2.42.591088 (7b2b2dca23cca0862f674758c9a3933e685c27d5),platform=Windows NT 6.1.7601 SP1 x86) (WARNING: The server did not provide any stacktrace information)
Command duration or timeout: 0 milliseconds
Build info: version: '3.14.0', revision: 'aacccce0', time: '2018-08-02T20:19:58.91Z'
System info: host: 'KAD-I-032', ip: '192.168.2.67', os.name: 'Windows 7', os.arch: 'x86', os.version: '6.1', java.version: '1.8.0_191'
Driver info: org.openqa.selenium.chrome.ChromeDriver
Capabilities {acceptInsecureCerts: false, acceptSslCerts: false, applicationCacheEnabled: false, browserConnectionEnabled: false, browserName: chrome, chrome: {chromedriverVersion: 2.42.591088 (7b2b2dca23cca0..., userDataDir: C:\Users\admin\AppData\Loca...}, cssSelectorsEnabled: true, databaseEnabled: false, goog:chromeOptions: {debuggerAddress: localhost:61717}, handlesAlerts: true, hasTouchScreen: false, javascriptEnabled: true, locationContextEnabled: true, mobileEmulationEnabled: false, nativeEvents: true, networkConnectionEnabled: false, pageLoadStrategy: normal, platform: XP, platformName: XP, rotatable: false, setWindowRect: true, takesHeapSnapshot: true, takesScreenshot: true, unexpectedAlertBehaviour: , unhandledPromptBehavior: , version: 70.0.3538.77, webStorageEnabled: true}
Session ID: 2cd59adcd93141854f2737572b50b8d5
at sun.reflect.NativeConstructorAccessorImpl.newInstance0(Native Method)
at sun.reflect.NativeConstructorAccessorImpl.newInstance(Unknown Source)
at sun.reflect.DelegatingConstructorAccessorImpl.newInstance(Unknown Source)
at java.lang.reflect.Constructor.newInstance(Unknown Source)
at org.openqa.selenium.remote.ErrorHandler.createThrowable(ErrorHandler.java:214)
at org.openqa.selenium.remote.ErrorHandler.throwIfResponseFailed(ErrorHandler.java:166)
at org.openqa.selenium.remote.http.JsonHttpResponseCodec.reconstructValue(JsonHttpResponseCodec.java:40)
at org.openqa.selenium.remote.http.AbstractHttpResponseCodec.decode(AbstractHttpResponseCodec.java:80)
at org.openqa.selenium.remote.http.AbstractHttpResponseCodec.decode(AbstractHttpResponseCodec.java:44)
at org.openqa.selenium.remote.HttpCommandExecutor.execute(HttpCommandExecutor.java:158)
at org.openqa.selenium.remote.service.DriverCommandExecutor.execute(DriverCommandExecutor.java:83)
at org.openqa.selenium.remote.RemoteWebDriver.execute(RemoteWebDriver.java:548)
at org.openqa.selenium.remote.RemoteWebElement.execute(RemoteWebElement.java:276)
at org.openqa.selenium.remote.RemoteWebElement.sendKeys(RemoteWebElement.java:100)
at environment.Utill.sendKeys(Utill.java:165)
at verification.Database.addDBCheck(Database.java:307)
at verification.Database.Verification(Database.java:386)
at maintest.FullFlow.DatabaseVerification(FullFlow.java:448)
at sun.reflect.NativeMethodAccessorImpl.invoke0(Native Method)
at sun.reflect.NativeMethodAccessorImpl.invoke(Unknown Source)
at sun.reflect.DelegatingMethodAccessorImpl.invoke(Unknown Source)
at java.lang.reflect.Method.invoke(Unknown Source)
at org.testng.internal.MethodInvocationHelper.invokeMethod(MethodInvocationHelper.java:124)
at org.testng.internal.Invoker.invokeMethod(Invoker.java:580)
at org.testng.internal.Invoker.invokeTestMethod(Invoker.java:716)
at org.testng.internal.Invoker.invokeTestMethods(Invoker.java:988)
at org.testng.internal.TestMethodWorker.invokeTestMethods(TestMethodWorker.java:125)
at org.testng.internal.TestMethodWorker.run(TestMethodWorker.java:109)
at org.testng.TestRunner.privateRun(TestRunner.java:648)
at org.testng.TestRunner.run(TestRunner.java:505)
at org.testng.SuiteRunner.runTest(SuiteRunner.java:455)
at org.testng.SuiteRunner.runSequentially(SuiteRunner.java:450)
at org.testng.SuiteRunner.privateRun(SuiteRunner.java:415)
at org.testng.SuiteRunner.run(SuiteRunner.java:364)
at org.testng.SuiteRunnerWorker.runSuite(SuiteRunnerWorker.java:52)
at org.testng.SuiteRunnerWorker.run(SuiteRunnerWorker.java:84)
at org.testng.TestNG.runSuitesSequentially(TestNG.java:1208)
at org.testng.TestNG.runSuitesLocally(TestNG.java:1137)
at org.testng.TestNG.runSuites(TestNG.java:1049)
at org.testng.TestNG.run(TestNG.java:1017)
at org.testng.remote.AbstractRemoteTestNG.run(AbstractRemoteTestNG.java:114)
at org.testng.remote.RemoteTestNG.initAndRun(RemoteTestNG.java:251)
at org.testng.remote.RemoteTestNG.main(RemoteTestNG.java:77)
]]>
    </error>
  </testcase> <!-- DatabaseVerification -->
  <testcase name="CriminalVerification" time="171.025" classname="maintest.FullFlow"/>
  <testcase name="CreditVerification" time="57.096" classname="maintest.FullFlow"/>
  <testcase name="CourtVerification" time="106.742" classname="maintest.FullFlow"/>
  <testcase name="IDVerification" time="86.140" classname="maintest.FullFlow"/>
  <testcase name="DrugVerification" time="64.079" classname="maintest.FullFlow"/>
  <testcase name="ReportGenerationSupervision" time="55.563" classname="maintest.FullFlow">
    <failure type="java.lang.AssertionError" message="The following asserts failed:
	expected [Report Generation Pending] but found [Verification Pending]">
      <![CDATA[java.lang.AssertionError: The following asserts failed:
expected [Report Generation Pending] but found [Verification Pending]
at org.testng.asserts.SoftAssert.assertAll(SoftAssert.java:43)
at maintest.FullFlow.ReportGenerationSupervision(FullFlow.java:534)
at sun.reflect.NativeMethodAccessorImpl.invoke0(Native Method)
at sun.reflect.NativeMethodAccessorImpl.invoke(Unknown Source)
at sun.reflect.DelegatingMethodAccessorImpl.invoke(Unknown Source)
at java.lang.reflect.Method.invoke(Unknown Source)
at org.testng.internal.MethodInvocationHelper.invokeMethod(MethodInvocationHelper.java:124)
at org.testng.internal.Invoker.invokeMethod(Invoker.java:580)
at org.testng.internal.Invoker.invokeTestMethod(Invoker.java:716)
at org.testng.internal.Invoker.invokeTestMethods(Invoker.java:988)
at org.testng.internal.TestMethodWorker.invokeTestMethods(TestMethodWorker.java:125)
at org.testng.internal.TestMethodWorker.run(TestMethodWorker.java:109)
at org.testng.TestRunner.privateRun(TestRunner.java:648)
at org.testng.TestRunner.run(TestRunner.java:505)
at org.testng.SuiteRunner.runTest(SuiteRunner.java:455)
at org.testng.SuiteRunner.runSequentially(SuiteRunner.java:450)
at org.testng.SuiteRunner.privateRun(SuiteRunner.java:415)
at org.testng.SuiteRunner.run(SuiteRunner.java:364)
at org.testng.SuiteRunnerWorker.runSuite(SuiteRunnerWorker.java:52)
at org.testng.SuiteRunnerWorker.run(SuiteRunnerWorker.java:84)
at org.testng.TestNG.runSuitesSequentially(TestNG.java:1208)
at org.testng.TestNG.runSuitesLocally(TestNG.java:1137)
at org.testng.TestNG.runSuites(TestNG.java:1049)
at org.testng.TestNG.run(TestNG.java:1017)
at org.testng.remote.AbstractRemoteTestNG.run(AbstractRemoteTestNG.java:114)
at org.testng.remote.RemoteTestNG.initAndRun(RemoteTestNG.java:251)
at org.testng.remote.RemoteTestNG.main(RemoteTestNG.java:77)
]]>
    </failure>
  </testcase> <!-- ReportGenerationSupervision -->
  <testcase name="AddressReportGeneration" time="0.000" classname="maintest.FullFlow">
    <skipped/>
  </testcase> <!-- AddressReportGeneration -->
  <testcase name="EducationReportGeneration" time="0.000" classname="maintest.FullFlow">
    <skipped/>
  </testcase> <!-- EducationReportGeneration -->
  <testcase name="EmploymentReportGeneration" time="0.000" classname="maintest.FullFlow">
    <skipped/>
  </testcase> <!-- EmploymentReportGeneration -->
  <testcase name="ReferenceReportGeneration" time="0.000" classname="maintest.FullFlow">
    <skipped/>
  </testcase> <!-- ReferenceReportGeneration -->
  <testcase name="CriminalReportGeneration" time="0.000" classname="maintest.FullFlow">
    <skipped/>
  </testcase> <!-- CriminalReportGeneration -->
  <testcase name="CreditReportGeneration" time="0.000" classname="maintest.FullFlow">
    <skipped/>
  </testcase> <!-- CreditReportGeneration -->
  <testcase name="CourtReportGeneration" time="0.000" classname="maintest.FullFlow">
    <skipped/>
  </testcase> <!-- CourtReportGeneration -->
  <testcase name="DrugReportGeneration" time="0.000" classname="maintest.FullFlow">
    <skipped/>
  </testcase> <!-- DrugReportGeneration -->
  <testcase name="IdReportGeneration" time="0.000" classname="maintest.FullFlow">
    <skipped/>
  </testcase> <!-- IdReportGeneration -->
  <testcase name="ReportValidationSupervisor" time="0.000" classname="maintest.FullFlow">
    <skipped/>
  </testcase> <!-- ReportValidationSupervisor -->
  <testcase name="ReportGenerationSubmit" time="0.000" classname="maintest.FullFlow">
    <skipped/>
  </testcase> <!-- ReportGenerationSubmit -->
  <testcase name="ReportValidation" time="0.000" classname="maintest.FullFlow">
    <skipped/>
  </testcase> <!-- ReportValidation -->
  <testcase name="DatabaseReportGeneration" classname="maintest.FullFlow">
    <skipped/>
  </testcase> <!-- DatabaseReportGeneration -->
  <testcase name="readPdfIndex" classname="maintest.FullFlow">
    <skipped/>
  </testcase> <!-- readPdfIndex -->
</testsuite> <!-- maintest.FullFlow -->
