<?xml version="1.0" encoding="UTF-8"?>
<!-- Generated by org.testng.reporters.JUnitReportReporter -->
<testsuite skipped="0" hostname="KAD-I-032" name="maintest2.Basic" tests="2" failures="0" timestamp="29 Oct 2018 11:08:31 GMT" time="58.104" errors="0">
  <testcase name="Login" time="10.441" classname="maintest2.Basic"/>
  <testcase name="dataEntry" time="47.663" classname="maintest2.Basic"/>
</testsuite> <!-- maintest2.Basic -->
