<?xml version="1.0" encoding="UTF-8"?>
<!-- Generated by org.testng.reporters.JUnitReportReporter -->
<testsuite skipped="0" hostname="KAD-I-032" name="maintest2.Basic" tests="2" failures="0" timestamp="02 Nov 2018 10:59:13 GMT" time="40.031" errors="0">
  <testcase name="Login" time="10.478" classname="maintest2.Basic"/>
  <testcase name="dataEntry" time="29.553" classname="maintest2.Basic"/>
</testsuite> <!-- maintest2.Basic -->
