<?xml version="1.0" encoding="UTF-8"?>
<!-- Generated by org.testng.reporters.JUnitReportReporter -->
<testsuite hostname="KAD-I-032" name="maintest.FullFlow" tests="4" failures="0" timestamp="23 Oct 2018 07:13:35 GMT" time="311.022" errors="0">
  <testcase name="Login" time="9.664" classname="maintest.FullFlow"/>
  <testcase name="caseregistration" time="39.250" classname="maintest.FullFlow"/>
  <testcase name="dataEntryAssign" time="112.534" classname="maintest.FullFlow"/>
  <testcase name="dataEntry" time="149.574" classname="maintest.FullFlow"/>
</testsuite> <!-- maintest.FullFlow -->
