<?xml version="1.0" encoding="UTF-8"?>
<!-- Generated by org.testng.reporters.JUnitReportReporter -->
<testsuite skipped="0" hostname="KAD-I-032" name="maintest2.Basic" tests="2" failures="0" timestamp="07 Nov 2018 12:38:13 GMT" time="31.392" errors="0">
  <testcase name="Login" time="13.331" classname="maintest2.Basic"/>
  <testcase name="dataEntry" time="18.061" classname="maintest2.Basic"/>
</testsuite> <!-- maintest2.Basic -->
