<?xml version="1.0" encoding="UTF-8"?>
<!-- Generated by org.testng.reporters.JUnitReportReporter -->
<testsuite skipped="1" hostname="KAD-I-032" name="maintest.ClientCaseReg" tests="41" failures="0" timestamp="14 Nov 2018 07:40:19 GMT" time="3005.314" errors="0">
  <testcase name="login" time="6.305" classname="maintest.ClientCaseReg"/>
  <testcase name="caseregistration" time="104.394" classname="maintest.ClientCaseReg"/>
  <testcase name="dataEntryAssign" time="78.828" classname="maintest.ClientCaseReg"/>
  <testcase name="dataEntry" time="502.624" classname="maintest.ClientCaseReg"/>
  <testcase name="dataEntryQCAssign" time="56.321" classname="maintest.ClientCaseReg"/>
  <testcase name="AddressDEQC" time="35.948" classname="maintest.ClientCaseReg"/>
  <testcase name="EducationDEQC" time="28.939" classname="maintest.ClientCaseReg"/>
  <testcase name="EmploymentDEQC" time="27.735" classname="maintest.ClientCaseReg"/>
  <testcase name="ReferenceDEQC" time="13.211" classname="maintest.ClientCaseReg"/>
  <testcase name="DataBaseDEQC" time="13.473" classname="maintest.ClientCaseReg"/>
  <testcase name="CriminalDEQC" time="31.751" classname="maintest.ClientCaseReg"/>
  <testcase name="CreditDEQC" time="11.896" classname="maintest.ClientCaseReg"/>
  <testcase name="CourtDEQC" time="30.717" classname="maintest.ClientCaseReg"/>
  <testcase name="IdDEQC" time="26.917" classname="maintest.ClientCaseReg"/>
  <testcase name="VerificationSupervisor" time="36.761" classname="maintest.ClientCaseReg"/>
  <testcase name="VerificationIntiation" time="515.767" classname="maintest.ClientCaseReg"/>
  <testcase name="AddressVerification" time="162.728" classname="maintest.ClientCaseReg"/>
  <testcase name="EducationVerification" time="108.298" classname="maintest.ClientCaseReg"/>
  <testcase name="EmploymentVerification" time="101.435" classname="maintest.ClientCaseReg"/>
  <testcase name="ReferenceVerification" time="54.687" classname="maintest.ClientCaseReg"/>
  <testcase name="DatabaseVerification" time="67.732" classname="maintest.ClientCaseReg"/>
  <testcase name="CriminalVerification" time="95.770" classname="maintest.ClientCaseReg"/>
  <testcase name="CreditVerification" time="53.096" classname="maintest.ClientCaseReg"/>
  <testcase name="CourtVerification" time="107.304" classname="maintest.ClientCaseReg"/>
  <testcase name="IDVerification" time="88.902" classname="maintest.ClientCaseReg"/>
  <testcase name="DrugVerification" time="66.595" classname="maintest.ClientCaseReg"/>
  <testcase name="ReportGenerationSupervision" time="63.530" classname="maintest.ClientCaseReg"/>
  <testcase name="AddressReportGeneration" time="81.091" classname="maintest.ClientCaseReg"/>
  <testcase name="EducationReportGeneration" time="61.772" classname="maintest.ClientCaseReg"/>
  <testcase name="EmploymentReportGeneration" time="79.304" classname="maintest.ClientCaseReg"/>
  <testcase name="ReferenceReportGeneration" time="9.986" classname="maintest.ClientCaseReg"/>
  <testcase name="DatabaseReportGeneration" time="2.078" classname="maintest.ClientCaseReg"/>
  <testcase name="CriminalReportGeneration" time="46.182" classname="maintest.ClientCaseReg"/>
  <testcase name="CreditReportGeneration" time="18.261" classname="maintest.ClientCaseReg"/>
  <testcase name="CourtReportGeneration" time="45.277" classname="maintest.ClientCaseReg"/>
  <testcase name="DrugReportGeneration" time="8.562" classname="maintest.ClientCaseReg"/>
  <testcase name="IdReportGeneration" time="40.266" classname="maintest.ClientCaseReg"/>
  <testcase name="ReportGenerationSubmit" time="24.281" classname="maintest.ClientCaseReg"/>
  <testcase name="ReportValidationSupervisor" time="38.566" classname="maintest.ClientCaseReg"/>
  <testcase name="ReportValidation" time="58.024" classname="maintest.ClientCaseReg"/>
  <testcase name="readPdfIndex" classname="maintest.ClientCaseReg">
    <skipped/>
  </testcase> <!-- readPdfIndex -->
</testsuite> <!-- maintest.ClientCaseReg -->
