<?xml version="1.0" encoding="UTF-8"?>
<!-- Generated by org.testng.reporters.JUnitReportReporter -->
<testsuite skipped="1" hostname="KAD-I-032" name="maintest2.Basic" tests="8" failures="0" timestamp="14 Nov 2018 12:44:28 GMT" time="706.251" errors="0">
  <testcase name="login" time="9.655" classname="maintest2.Basic"/>
  <testcase name="caseregistration" time="37.100" classname="maintest2.Basic"/>
  <testcase name="dataEntryAssign" time="64.412" classname="maintest2.Basic"/>
  <testcase name="dataEntry" time="476.900" classname="maintest2.Basic"/>
  <testcase name="dataEntryQCAssign" time="51.215" classname="maintest2.Basic"/>
  <testcase name="AddressDEQC" time="35.282" classname="maintest2.Basic"/>
  <testcase name="CourtDEQC" time="31.687" classname="maintest2.Basic"/>
  <testcase name="casereg" classname="maintest2.Basic">
    <skipped/>
  </testcase> <!-- casereg -->
</testsuite> <!-- maintest2.Basic -->
