<?xml version="1.0" encoding="UTF-8"?>
<!-- Generated by org.testng.reporters.JUnitReportReporter -->
<testsuite skipped="2" hostname="KAD-I-032" name="maintest.FullFlow" tests="41" failures="0" timestamp="12 Nov 2018 12:51:34 GMT" time="2792.701" errors="0">
  <testcase name="login" time="13.840" classname="maintest.FullFlow"/>
  <testcase name="caseregistration" time="35.936" classname="maintest.FullFlow"/>
  <testcase name="dataEntryAssign" time="31.631" classname="maintest.FullFlow"/>
  <testcase name="dataEntry" time="463.901" classname="maintest.FullFlow"/>
  <testcase name="dataEntryQCAssign" time="43.850" classname="maintest.FullFlow"/>
  <testcase name="AddressDEQC" time="35.435" classname="maintest.FullFlow"/>
  <testcase name="EducationDEQC" time="27.822" classname="maintest.FullFlow"/>
  <testcase name="EmploymentDEQC" time="27.790" classname="maintest.FullFlow"/>
  <testcase name="ReferenceDEQC" time="12.960" classname="maintest.FullFlow"/>
  <testcase name="DataBaseDEQC" time="13.798" classname="maintest.FullFlow"/>
  <testcase name="CriminalDEQC" time="31.330" classname="maintest.FullFlow"/>
  <testcase name="CreditDEQC" time="11.811" classname="maintest.FullFlow"/>
  <testcase name="CourtDEQC" time="30.033" classname="maintest.FullFlow"/>
  <testcase name="IdDEQC" time="26.713" classname="maintest.FullFlow"/>
  <testcase name="VerificationSupervisor" time="37.083" classname="maintest.FullFlow"/>
  <testcase name="VerificationIntiation" time="509.001" classname="maintest.FullFlow"/>
  <testcase name="AddressVerification" time="151.072" classname="maintest.FullFlow"/>
  <testcase name="EducationVerification" time="103.224" classname="maintest.FullFlow"/>
  <testcase name="EmploymentVerification" time="98.779" classname="maintest.FullFlow"/>
  <testcase name="ReferenceVerification" time="52.994" classname="maintest.FullFlow"/>
  <testcase name="DatabaseVerification" time="65.294" classname="maintest.FullFlow"/>
  <testcase name="CriminalVerification" time="92.704" classname="maintest.FullFlow"/>
  <testcase name="CreditVerification" time="50.865" classname="maintest.FullFlow"/>
  <testcase name="CourtVerification" time="100.338" classname="maintest.FullFlow"/>
  <testcase name="IDVerification" time="86.471" classname="maintest.FullFlow"/>
  <testcase name="DrugVerification" time="63.962" classname="maintest.FullFlow"/>
  <testcase name="ReportGenerationSupervision" time="70.139" classname="maintest.FullFlow"/>
  <testcase name="AddressReportGeneration" time="74.967" classname="maintest.FullFlow"/>
  <testcase name="EducationReportGeneration" time="61.635" classname="maintest.FullFlow"/>
  <testcase name="EmploymentReportGeneration" time="77.431" classname="maintest.FullFlow"/>
  <testcase name="ReferenceReportGeneration" time="10.111" classname="maintest.FullFlow"/>
  <testcase name="CriminalReportGeneration" time="46.794" classname="maintest.FullFlow"/>
  <testcase name="CreditReportGeneration" time="18.273" classname="maintest.FullFlow"/>
  <testcase name="CourtReportGeneration" time="45.151" classname="maintest.FullFlow"/>
  <testcase name="DrugReportGeneration" time="9.307" classname="maintest.FullFlow"/>
  <testcase name="IdReportGeneration" time="39.691" classname="maintest.FullFlow"/>
  <testcase name="ReportValidationSupervisor" time="38.584" classname="maintest.FullFlow"/>
  <testcase name="ReportGenerationSubmit" time="25.688" classname="maintest.FullFlow"/>
  <testcase name="ReportValidation" time="56.293" classname="maintest.FullFlow"/>
  <testcase name="DatabaseReportGeneration" classname="maintest.FullFlow">
    <skipped/>
  </testcase> <!-- DatabaseReportGeneration -->
  <testcase name="readPdfIndex" classname="maintest.FullFlow">
    <skipped/>
  </testcase> <!-- readPdfIndex -->
</testsuite> <!-- maintest.FullFlow -->
