<?xml version="1.0" encoding="UTF-8"?>
<!-- Generated by org.testng.reporters.JUnitReportReporter -->
<testsuite skipped="0" hostname="KAD-I-032" name="maintest.FullFlow" tests="6" failures="0" timestamp="25 Oct 2018 12:25:49 GMT" time="873.998" errors="0">
  <testcase name="Login" time="8.899" classname="maintest.FullFlow"/>
  <testcase name="caseregistration" time="39.483" classname="maintest.FullFlow"/>
  <testcase name="dataEntryAssign" time="97.470" classname="maintest.FullFlow"/>
  <testcase name="dataEntry" time="668.541" classname="maintest.FullFlow"/>
  <testcase name="dataEntryQCAssign" time="36.228" classname="maintest.FullFlow"/>
  <testcase name="dataEntryqc" time="23.377" classname="maintest.FullFlow"/>
</testsuite> <!-- maintest.FullFlow -->
