<?xml version="1.0" encoding="UTF-8"?>
<!-- Generated by org.testng.reporters.JUnitReportReporter -->
<testsuite skipped="2" hostname="KAD-I-032" name="maintest.SPcasereg" tests="70" failures="0" timestamp="15 Nov 2018 10:56:32 GMT" time="2532.319" errors="1">
  <testcase name="login" time="11.458" classname="maintest.SPcasereg"/>
  <testcase name="TC_SPCR_001" time="4.258" classname="maintest.SPcasereg"/>
  <testcase name="TC_SPCR_002" time="3.774" classname="maintest.SPcasereg"/>
  <testcase name="TC_SPCR_003" time="0.040" classname="maintest.SPcasereg"/>
  <testcase name="TC_SCPR_004" time="0.046" classname="maintest.SPcasereg"/>
  <testcase name="TC_SPCR_005" time="0.049" classname="maintest.SPcasereg"/>
  <testcase name="TC_SPCR_006" time="0.047" classname="maintest.SPcasereg"/>
  <testcase name="TC_SPCR_007" time="0.047" classname="maintest.SPcasereg"/>
  <testcase name="TC_SPCR_008" time="0.050" classname="maintest.SPcasereg"/>
  <testcase name="TC_SPCR_009" time="0.022" classname="maintest.SPcasereg"/>
  <testcase name="TC_SPCR_010" time="84.270" classname="maintest.SPcasereg"/>
  <testcase name="TC_SPCR_011" time="95.421" classname="maintest.SPcasereg"/>
  <testcase name="TC_SPCR_012" time="82.545" classname="maintest.SPcasereg"/>
  <testcase name="TC_SPCR_013" time="90.079" classname="maintest.SPcasereg"/>
  <testcase name="TC_SPCR_014" time="100.115" classname="maintest.SPcasereg"/>
  <testcase name="TC_SPCR_015" time="82.433" classname="maintest.SPcasereg"/>
  <testcase name="TC_SPCR_016" time="91.599" classname="maintest.SPcasereg"/>
  <testcase name="TC_SPCR_017" time="84.558" classname="maintest.SPcasereg"/>
  <testcase name="TC_SPCR_018" time="80.568" classname="maintest.SPcasereg"/>
  <testcase name="TC_SPCR_019" time="80.784" classname="maintest.SPcasereg"/>
  <testcase name="TC_SPCR_020" time="81.864" classname="maintest.SPcasereg"/>
  <testcase name="TC_SPCR_021" time="86.878" classname="maintest.SPcasereg"/>
  <testcase name="TC_SPCR_022" time="32.090" classname="maintest.SPcasereg"/>
  <testcase name="TC_SPCR_023" time="22.672" classname="maintest.SPcasereg"/>
  <testcase name="TC_SPCR_024" time="11.949" classname="maintest.SPcasereg"/>
  <testcase name="TC_SPCR_025" time="33.007" classname="maintest.SPcasereg"/>
  <testcase name="TC_SPCR_026" time="38.128" classname="maintest.SPcasereg"/>
  <testcase name="TC_SPCR_027" time="75.473" classname="maintest.SPcasereg">
    <error type="org.openqa.selenium.TimeoutException" message="Expected condition failed: waiting for presence of element located by: By.xpath: //span[text()=&#039;OK&#039;] (tried for 50 second(s) with 500 milliseconds interval)">
      <![CDATA[org.openqa.selenium.TimeoutException: Expected condition failed: waiting for presence of element located by: By.xpath: //span[text()='OK'] (tried for 50 second(s) with 500 milliseconds interval)
at org.openqa.selenium.support.ui.WebDriverWait.timeoutException(WebDriverWait.java:113)
at org.openqa.selenium.support.ui.FluentWait.until(FluentWait.java:283)
at environment.Utill.confirmAlert(Utill.java:983)
at maintest.SPcasereg.TC_SPCR_027(SPcasereg.java:1149)
at sun.reflect.NativeMethodAccessorImpl.invoke0(Native Method)
at sun.reflect.NativeMethodAccessorImpl.invoke(Unknown Source)
at sun.reflect.DelegatingMethodAccessorImpl.invoke(Unknown Source)
at java.lang.reflect.Method.invoke(Unknown Source)
at org.testng.internal.MethodInvocationHelper.invokeMethod(MethodInvocationHelper.java:124)
at org.testng.internal.Invoker.invokeMethod(Invoker.java:580)
at org.testng.internal.Invoker.invokeTestMethod(Invoker.java:716)
at org.testng.internal.Invoker.invokeTestMethods(Invoker.java:988)
at org.testng.internal.TestMethodWorker.invokeTestMethods(TestMethodWorker.java:125)
at org.testng.internal.TestMethodWorker.run(TestMethodWorker.java:109)
at org.testng.TestRunner.privateRun(TestRunner.java:648)
at org.testng.TestRunner.run(TestRunner.java:505)
at org.testng.SuiteRunner.runTest(SuiteRunner.java:455)
at org.testng.SuiteRunner.runSequentially(SuiteRunner.java:450)
at org.testng.SuiteRunner.privateRun(SuiteRunner.java:415)
at org.testng.SuiteRunner.run(SuiteRunner.java:364)
at org.testng.SuiteRunnerWorker.runSuite(SuiteRunnerWorker.java:52)
at org.testng.SuiteRunnerWorker.run(SuiteRunnerWorker.java:84)
at org.testng.TestNG.runSuitesSequentially(TestNG.java:1208)
at org.testng.TestNG.runSuitesLocally(TestNG.java:1137)
at org.testng.TestNG.runSuites(TestNG.java:1049)
at org.testng.TestNG.run(TestNG.java:1017)
at org.testng.remote.AbstractRemoteTestNG.run(AbstractRemoteTestNG.java:114)
at org.testng.remote.RemoteTestNG.initAndRun(RemoteTestNG.java:251)
at org.testng.remote.RemoteTestNG.main(RemoteTestNG.java:77)
Caused by: org.openqa.selenium.NoSuchElementException: Cannot locate an element using By.xpath: //span[text()='OK']
For documentation on this error, please visit: http://seleniumhq.org/exceptions/no_such_element.html
Build info: version: '3.14.0', revision: 'aacccce0', time: '2018-08-02T20:19:58.91Z'
System info: host: 'KAD-I-032', ip: '192.168.2.67', os.name: 'Windows 7', os.arch: 'x86', os.version: '6.1', java.version: '1.8.0_191'
Driver info: driver.version: unknown
at org.openqa.selenium.support.ui.ExpectedConditions.lambda$findElement$0(ExpectedConditions.java:896)
at java.util.Optional.orElseThrow(Unknown Source)
at org.openqa.selenium.support.ui.ExpectedConditions.findElement(ExpectedConditions.java:895)
at org.openqa.selenium.support.ui.ExpectedConditions.access$000(ExpectedConditions.java:44)
at org.openqa.selenium.support.ui.ExpectedConditions$6.apply(ExpectedConditions.java:183)
at org.openqa.selenium.support.ui.ExpectedConditions$6.apply(ExpectedConditions.java:180)
at org.openqa.selenium.support.ui.FluentWait.until(FluentWait.java:260)
... 27 more
]]>
    </error>
  </testcase> <!-- TC_SPCR_027 -->
  <testcase name="TC_SPINF_001" time="56.960" classname="maintest.SPcasereg"/>
  <testcase name="TC_SPINF_002" time="109.206" classname="maintest.SPcasereg"/>
  <testcase name="TC_SPINF_003" time="0.094" classname="maintest.SPcasereg"/>
  <testcase name="TC_SPINF_004" time="3.747" classname="maintest.SPcasereg"/>
  <testcase name="TC_SPINF_005" time="34.824" classname="maintest.SPcasereg"/>
  <testcase name="TC_SPINF_006" time="48.157" classname="maintest.SPcasereg"/>
  <testcase name="TC_SPINF_007" time="52.354" classname="maintest.SPcasereg"/>
  <testcase name="TC_SPINF_008" time="10.492" classname="maintest.SPcasereg"/>
  <testcase name="TC_SPINF_009" time="3.789" classname="maintest.SPcasereg"/>
  <testcase name="TC_SPINF_010" time="44.556" classname="maintest.SPcasereg"/>
  <testcase name="TC_SPINF_011" time="62.137" classname="maintest.SPcasereg"/>
  <testcase name="TC_SPINF_014" time="0.049" classname="maintest.SPcasereg"/>
  <testcase name="TC_SPINF_017" time="0.062" classname="maintest.SPcasereg"/>
  <testcase name="TC_SPINF_020" time="0.048" classname="maintest.SPcasereg"/>
  <testcase name="TC_SPINF_023" time="0.048" classname="maintest.SPcasereg"/>
  <testcase name="TC_SPINF_026" time="0.063" classname="maintest.SPcasereg"/>
  <testcase name="TC_SPINF_029" time="0.078" classname="maintest.SPcasereg"/>
  <testcase name="TC_SPINF_032" time="0.077" classname="maintest.SPcasereg"/>
  <testcase name="TC_SPINF_035" time="0.047" classname="maintest.SPcasereg"/>
  <testcase name="TC_SPINF_038" time="1.632" classname="maintest.SPcasereg"/>
  <testcase name="TC_SPINF_012" time="298.726" classname="maintest.SPcasereg"/>
  <testcase name="TC_SPINF_015" time="8.118" classname="maintest.SPcasereg"/>
  <testcase name="TC_SPINF_018" time="7.913" classname="maintest.SPcasereg"/>
  <testcase name="TC_SPINF_021" time="5.916" classname="maintest.SPcasereg"/>
  <testcase name="TC_SPINF_039" time="6.937" classname="maintest.SPcasereg"/>
  <testcase name="TC_SPINF_027" time="5.994" classname="maintest.SPcasereg"/>
  <testcase name="TC_SPINF_033" time="6.355" classname="maintest.SPcasereg"/>
  <testcase name="TC_SPINF_030" time="5.447" classname="maintest.SPcasereg"/>
  <testcase name="TC_SPINF_024" time="28.899" classname="maintest.SPcasereg"/>
  <testcase name="TC_SPNAPP_001" time="70.529" classname="maintest.SPcasereg"/>
  <testcase name="TC_SPCEP_001" time="58.852" classname="maintest.SPcasereg"/>
  <testcase name="TC_SPCEP_002" time="21.348" classname="maintest.SPcasereg"/>
  <testcase name="TC_SPCEP_003" time="104.455" classname="maintest.SPcasereg"/>
  <testcase name="TC_SPCEP_004" time="23.961" classname="maintest.SPcasereg"/>
  <testcase name="TC_SPDOC_001" time="46.494" classname="maintest.SPcasereg"/>
  <testcase name="TC_SPDOC_002" time="11.353" classname="maintest.SPcasereg"/>
  <testcase name="TC_SPDOC_003" time="11.590" classname="maintest.SPcasereg"/>
  <testcase name="TC_SPDOC_004" time="24.848" classname="maintest.SPcasereg"/>
  <testcase name="TC_SPDOC_005" time="74.510" classname="maintest.SPcasereg"/>
  <testcase name="TC_SPDOC_006" time="7.430" classname="maintest.SPcasereg"/>
  <testcase name="TC_SPDOC_007" classname="maintest.SPcasereg">
    <skipped/>
  </testcase> <!-- TC_SPDOC_007 -->
  <testcase name="TC_SPDOC_008" classname="maintest.SPcasereg">
    <skipped/>
  </testcase> <!-- TC_SPDOC_008 -->
</testsuite> <!-- maintest.SPcasereg -->
