<?xml version="1.0" encoding="UTF-8"?>
<!-- Generated by org.testng.reporters.JUnitReportReporter -->
<testsuite skipped="0" hostname="KAD-I-032" name="maintest.CandidateCaseRegistration" tests="20" failures="0" timestamp="26 Nov 2018 09:10:42 GMT" time="1157.656" errors="0">
  <testcase name="CandidateInitiate" time="8.294" classname="maintest.CandidateCaseRegistration"/>
  <testcase name="CandidatedataEntry" time="138.823" classname="maintest.CandidateCaseRegistration"/>
  <testcase name="Address" time="23.353" classname="maintest.CandidateCaseRegistration"/>
  <testcase name="Education" time="5.441" classname="maintest.CandidateCaseRegistration"/>
  <testcase name="Employment" time="5.508" classname="maintest.CandidateCaseRegistration"/>
  <testcase name="VoterId" time="5.068" classname="maintest.CandidateCaseRegistration"/>
  <testcase name="Reference" time="5.090" classname="maintest.CandidateCaseRegistration"/>
  <testcase name="ClientSubmit" time="31.496" classname="maintest.CandidateCaseRegistration"/>
  <testcase name="VerificationSupervisor" time="40.830" classname="maintest.CandidateCaseRegistration"/>
  <testcase name="DataEntryQC" time="116.268" classname="maintest.CandidateCaseRegistration"/>
  <testcase name="VerificationIntiation" time="233.726" classname="maintest.CandidateCaseRegistration"/>
  <testcase name="AddressVerification" time="100.385" classname="maintest.CandidateCaseRegistration"/>
  <testcase name="EducationVerification" time="59.340" classname="maintest.CandidateCaseRegistration"/>
  <testcase name="EmploymentVerification" time="55.462" classname="maintest.CandidateCaseRegistration"/>
  <testcase name="ReferenceVerification" time="53.100" classname="maintest.CandidateCaseRegistration"/>
  <testcase name="IDVerification" time="51.378" classname="maintest.CandidateCaseRegistration"/>
  <testcase name="ReportGenerationSupervision" time="68.858" classname="maintest.CandidateCaseRegistration"/>
  <testcase name="ReportGenerationSubmit" time="55.885" classname="maintest.CandidateCaseRegistration"/>
  <testcase name="ReportValidationSupervisor" time="46.045" classname="maintest.CandidateCaseRegistration"/>
  <testcase name="ReportValidation" time="53.306" classname="maintest.CandidateCaseRegistration"/>
</testsuite> <!-- maintest.CandidateCaseRegistration -->
