<?xml version="1.0" encoding="UTF-8"?>
<!-- Generated by org.testng.reporters.JUnitReportReporter -->
<testsuite skipped="0" hostname="KAD-I-032" name="maintest2.Basic" tests="2" failures="0" timestamp="25 Oct 2018 12:28:55 GMT" time="34.668" errors="0">
  <testcase name="Login" time="9.743" classname="maintest2.Basic"/>
  <testcase name="dataEntry" time="24.925" classname="maintest2.Basic"/>
</testsuite> <!-- maintest2.Basic -->
