<?xml version="1.0" encoding="UTF-8"?>
<!-- Generated by org.testng.reporters.JUnitReportReporter -->
<testsuite hostname="KAD-I-032" name="maintest.SPcasereg" tests="60" failures="0" timestamp="16 Oct 2018 08:48:22 GMT" time="2035.798" errors="0">
  <testcase name="TC_SPINF_023" time="0.040" classname="maintest.SPcasereg"/>
  <testcase name="TC_SPCEP_003" time="133.716" classname="maintest.SPcasereg"/>
  <testcase name="TC_SPINF_003" time="0.124" classname="maintest.SPcasereg"/>
  <testcase name="TC_SPINF_021" time="23.046" classname="maintest.SPcasereg"/>
  <testcase name="TC_SPCR_023" time="21.213" classname="maintest.SPcasereg"/>
  <testcase name="TC_SPCR_007" time="0.039" classname="maintest.SPcasereg"/>
  <testcase name="TC_SPCR_003" time="0.045" classname="maintest.SPcasereg"/>
  <testcase name="TC_SPCR_011" time="80.316" classname="maintest.SPcasereg"/>
  <testcase name="TC_SPINF_030" time="21.539" classname="maintest.SPcasereg"/>
  <testcase name="TC_SPINF_026" time="0.039" classname="maintest.SPcasereg"/>
  <testcase name="TC_SPCEP_002" time="20.622" classname="maintest.SPcasereg"/>
  <testcase name="TC_SPDOC_005" time="111.998" classname="maintest.SPcasereg"/>
  <testcase name="TC_SPDOC_008" time="7.166" classname="maintest.SPcasereg"/>
  <testcase name="TC_SPINF_017" time="0.055" classname="maintest.SPcasereg"/>
  <testcase name="TC_SPDOC_001" time="45.998" classname="maintest.SPcasereg"/>
  <testcase name="TC_SPDOC_004" time="23.483" classname="maintest.SPcasereg"/>
  <testcase name="TC_SPINF_001" time="54.611" classname="maintest.SPcasereg"/>
  <testcase name="TC_SPCR_026" time="35.569" classname="maintest.SPcasereg"/>
  <testcase name="TC_SPINF_004" time="3.637" classname="maintest.SPcasereg"/>
  <testcase name="TC_SPINF_005" time="36.667" classname="maintest.SPcasereg"/>
  <testcase name="TC_SPINF_032" time="0.038" classname="maintest.SPcasereg"/>
  <testcase name="TC_SPCR_009" time="0.039" classname="maintest.SPcasereg"/>
  <testcase name="TC_SPDOC_003" time="10.566" classname="maintest.SPcasereg"/>
  <testcase name="TC_SPCR_006" time="0.037" classname="maintest.SPcasereg"/>
  <testcase name="TC_SPCR_010" time="88.421" classname="maintest.SPcasereg"/>
  <testcase name="TC_SPINF_008" time="9.841" classname="maintest.SPcasereg"/>
  <testcase name="TC_SPINF_027" time="21.450" classname="maintest.SPcasereg"/>
  <testcase name="Login" time="9.179" classname="maintest.SPcasereg"/>
  <testcase name="TC_SPINF_039" time="22.133" classname="maintest.SPcasereg"/>
  <testcase name="TC_SPDOC_002" time="10.515" classname="maintest.SPcasereg"/>
  <testcase name="TC_SPINF_011" time="58.623" classname="maintest.SPcasereg"/>
  <testcase name="TC_SPCR_008" time="0.037" classname="maintest.SPcasereg"/>
  <testcase name="TC_SPCEP_004" time="0.740" classname="maintest.SPcasereg"/>
  <testcase name="TC_SPINF_002" time="124.601" classname="maintest.SPcasereg"/>
  <testcase name="TC_SPINF_024" time="37.628" classname="maintest.SPcasereg"/>
  <testcase name="TC_SPCR_002" time="3.217" classname="maintest.SPcasereg"/>
  <testcase name="TC_SPCR_027" time="29.473" classname="maintest.SPcasereg"/>
  <testcase name="TC_SPINF_018" time="23.050" classname="maintest.SPcasereg"/>
  <testcase name="TC_SPCR_025" time="29.838" classname="maintest.SPcasereg"/>
  <testcase name="TC_SPINF_020" time="0.039" classname="maintest.SPcasereg"/>
  <testcase name="TC_SPINF_014" time="0.039" classname="maintest.SPcasereg"/>
  <testcase name="TC_SPCR_024" time="8.532" classname="maintest.SPcasereg"/>
  <testcase name="TC_SPINF_012" time="380.996" classname="maintest.SPcasereg"/>
  <testcase name="TC_SPINF_033" time="21.080" classname="maintest.SPcasereg"/>
  <testcase name="TC_SCPR_004" time="0.049" classname="maintest.SPcasereg"/>
  <testcase name="TC_SPCR_001" time="4.765" classname="maintest.SPcasereg"/>
  <testcase name="TC_SPDOC_006" time="4.518" classname="maintest.SPcasereg"/>
  <testcase name="TC_SPCR_005" time="0.039" classname="maintest.SPcasereg"/>
  <testcase name="TC_SPDOC_007" time="5.286" classname="maintest.SPcasereg"/>
  <testcase name="TC_SPINF_015" time="25.210" classname="maintest.SPcasereg"/>
  <testcase name="TC_SPINF_035" time="0.038" classname="maintest.SPcasereg"/>
  <testcase name="TC_SPINF_007" time="49.834" classname="maintest.SPcasereg"/>
  <testcase name="TC_SPINF_010" time="53.690" classname="maintest.SPcasereg"/>
  <testcase name="TC_SPCR_022" time="29.403" classname="maintest.SPcasereg"/>
  <testcase name="TC_SPCEP_001" time="54.021" classname="maintest.SPcasereg"/>
  <testcase name="TC_SPINF_009" time="3.579" classname="maintest.SPcasereg"/>
  <testcase name="TC_SPINF_038" time="1.559" classname="maintest.SPcasereg"/>
  <testcase name="TC_SPINF_029" time="0.038" classname="maintest.SPcasereg"/>
  <testcase name="TC_SPINF_006" time="42.207" classname="maintest.SPcasereg"/>
  <testcase name="TC_SPNAPP_001" time="251.527" classname="maintest.SPcasereg"/>
</testsuite> <!-- maintest.SPcasereg -->
