<?xml version="1.0" encoding="UTF-8"?>
<!-- Generated by org.testng.reporters.JUnitReportReporter -->
<testsuite hostname="KAD-IU-010" name="maintest.Basic" tests="1" failures="0" timestamp="12 Sep 2018 10:31:23 GMT" time="17.695" errors="0">
  <testcase name="Login" time="17.695" classname="maintest.Basic"/>
</testsuite> <!-- maintest.Basic -->
