<?xml version="1.0" encoding="UTF-8"?>
<!-- Generated by org.testng.reporters.JUnitReportReporter -->
<testsuite hostname="KAD-I-032" name="maintest.Basic" tests="8" failures="0" timestamp="9 Oct 2018 12:39:03 GMT" time="198.557" errors="0">
  <testcase name="TC_SPDOC_002" time="10.454" classname="maintest.Basic"/>
  <testcase name="TC_SPDOC_003" time="10.736" classname="maintest.Basic"/>
  <testcase name="TC_SPDOC_005" time="89.821" classname="maintest.Basic"/>
  <testcase name="TC_SPDOC_007" time="5.689" classname="maintest.Basic"/>
  <testcase name="TC_SPDOC_004" time="22.447" classname="maintest.Basic"/>
  <testcase name="TC_SPDOC_006" time="4.602" classname="maintest.Basic"/>
  <testcase name="TC_SPDOC_008" time="7.438" classname="maintest.Basic"/>
  <testcase name="TC_SPDOC_001" time="47.370" classname="maintest.Basic"/>
</testsuite> <!-- maintest.Basic -->
