<?xml version="1.0" encoding="UTF-8"?>
<!-- Generated by org.testng.reporters.JUnitReportReporter -->
<testsuite hostname="KAD-I-002" name="maintest.Basic" tests="1" failures="0" timestamp="10 Sep 2018 05:50:04 GMT" time="20.650" errors="0">
  <testcase name="Login" time="20.650" classname="maintest.Basic"/>
</testsuite> <!-- maintest.Basic -->
