<?xml version="1.0" encoding="UTF-8"?>
<!-- Generated by org.testng.reporters.JUnitReportReporter -->
<testsuite hostname="KAD-I-032" name="maintest.Basic" tests="2" failures="0" timestamp="25 Sep 2018 13:16:54 GMT" time="27.425" errors="0">
  <testcase name="Login" time="8.338" classname="maintest.Basic"/>
  <testcase name="TC_SPINF_002" time="19.087" classname="maintest.Basic"/>
</testsuite> <!-- maintest.Basic -->
