<?xml version="1.0" encoding="UTF-8"?>
<!-- Generated by org.testng.reporters.JUnitReportReporter -->
<testsuite hostname="KAD-I-002" name="maintest.SPcasereg" tests="11" failures="0" timestamp="11 Sep 2018 13:45:21 GMT" time="35.277" errors="0">
  <testcase name="TC_SPCR_009" time="0.031" classname="maintest.SPcasereg"/>
  <testcase name="TC_SPCR_001" time="0.063" classname="maintest.SPcasereg"/>
  <testcase name="TC_SPCR_003" time="0.047" classname="maintest.SPcasereg"/>
  <testcase name="TC_SPCR_004" time="0.031" classname="maintest.SPcasereg"/>
  <testcase name="TC_SPCR_006" time="0.045" classname="maintest.SPcasereg"/>
  <testcase name="TC_SPCR_002" time="3.208" classname="maintest.SPcasereg"/>
  <testcase name="TC_SPCR_010" time="21.073" classname="maintest.SPcasereg"/>
  <testcase name="Login" time="10.680" classname="maintest.SPcasereg"/>
  <testcase name="TC_SPCR_008" time="0.031" classname="maintest.SPcasereg"/>
  <testcase name="TC_SPCR_005" time="0.037" classname="maintest.SPcasereg"/>
  <testcase name="TC_SPCR_007" time="0.031" classname="maintest.SPcasereg"/>
</testsuite> <!-- maintest.SPcasereg -->
