<?xml version="1.0" encoding="UTF-8"?>
<!-- Generated by org.testng.reporters.JUnitReportReporter -->
<testsuite hostname="KAD-I-032" name="maintest.SPcasereg" tests="60" failures="0" timestamp="17 Oct 2018 07:34:09 GMT" time="1695.519" errors="0">
  <testcase name="TC_SPINF_032" time="0.039" classname="maintest.SPcasereg"/>
  <testcase name="TC_SPINF_015" time="8.470" classname="maintest.SPcasereg"/>
  <testcase name="Login" time="31.968" classname="maintest.SPcasereg"/>
  <testcase name="TC_SPINF_005" time="41.365" classname="maintest.SPcasereg"/>
  <testcase name="TC_SPCR_009" time="0.038" classname="maintest.SPcasereg"/>
  <testcase name="TC_SPCR_024" time="9.316" classname="maintest.SPcasereg"/>
  <testcase name="TC_SPCEP_001" time="53.962" classname="maintest.SPcasereg"/>
  <testcase name="TC_SPDOC_004" time="24.581" classname="maintest.SPcasereg"/>
  <testcase name="TC_SPCR_008" time="0.038" classname="maintest.SPcasereg"/>
  <testcase name="TC_SPCR_022" time="29.941" classname="maintest.SPcasereg"/>
  <testcase name="TC_SPINF_029" time="0.040" classname="maintest.SPcasereg"/>
  <testcase name="TC_SPDOC_003" time="10.595" classname="maintest.SPcasereg"/>
  <testcase name="TC_SPDOC_008" time="7.192" classname="maintest.SPcasereg"/>
  <testcase name="TC_SPCEP_002" time="20.891" classname="maintest.SPcasereg"/>
  <testcase name="TC_SPINF_007" time="50.174" classname="maintest.SPcasereg"/>
  <testcase name="TC_SPCR_002" time="3.251" classname="maintest.SPcasereg"/>
  <testcase name="TC_SPINF_009" time="3.628" classname="maintest.SPcasereg"/>
  <testcase name="TC_SPINF_030" time="5.910" classname="maintest.SPcasereg"/>
  <testcase name="TC_SPINF_012" time="310.097" classname="maintest.SPcasereg"/>
  <testcase name="TC_SPINF_011" time="59.157" classname="maintest.SPcasereg"/>
  <testcase name="TC_SPINF_038" time="1.547" classname="maintest.SPcasereg"/>
  <testcase name="TC_SPDOC_007" time="6.342" classname="maintest.SPcasereg"/>
  <testcase name="TC_SPCR_007" time="0.039" classname="maintest.SPcasereg"/>
  <testcase name="TC_SPINF_004" time="3.577" classname="maintest.SPcasereg"/>
  <testcase name="TC_SPINF_006" time="42.598" classname="maintest.SPcasereg"/>
  <testcase name="TC_SPCR_027" time="30.957" classname="maintest.SPcasereg"/>
  <testcase name="TC_SPCR_006" time="0.037" classname="maintest.SPcasereg"/>
  <testcase name="TC_SPINF_001" time="56.385" classname="maintest.SPcasereg"/>
  <testcase name="TC_SPCR_003" time="0.042" classname="maintest.SPcasereg"/>
  <testcase name="TC_SPDOC_001" time="45.000" classname="maintest.SPcasereg"/>
  <testcase name="TC_SPCR_005" time="0.037" classname="maintest.SPcasereg"/>
  <testcase name="TC_SPINF_027" time="6.057" classname="maintest.SPcasereg"/>
  <testcase name="TC_SPINF_008" time="9.856" classname="maintest.SPcasereg"/>
  <testcase name="TC_SPNAPP_001" time="66.706" classname="maintest.SPcasereg"/>
  <testcase name="TC_SPINF_021" time="6.231" classname="maintest.SPcasereg"/>
  <testcase name="TC_SPCR_023" time="21.378" classname="maintest.SPcasereg"/>
  <testcase name="TC_SPINF_003" time="0.131" classname="maintest.SPcasereg"/>
  <testcase name="TC_SPDOC_002" time="10.535" classname="maintest.SPcasereg"/>
  <testcase name="TC_SPINF_023" time="0.040" classname="maintest.SPcasereg"/>
  <testcase name="TC_SPDOC_005" time="106.886" classname="maintest.SPcasereg"/>
  <testcase name="TC_SPINF_033" time="5.910" classname="maintest.SPcasereg"/>
  <testcase name="TC_SPINF_002" time="127.718" classname="maintest.SPcasereg"/>
  <testcase name="TC_SPCEP_003" time="121.988" classname="maintest.SPcasereg"/>
  <testcase name="TC_SPCEP_004" time="0.670" classname="maintest.SPcasereg"/>
  <testcase name="TC_SPINF_026" time="0.040" classname="maintest.SPcasereg"/>
  <testcase name="TC_SPINF_035" time="0.038" classname="maintest.SPcasereg"/>
  <testcase name="TC_SPINF_014" time="0.061" classname="maintest.SPcasereg"/>
  <testcase name="TC_SPINF_039" time="7.592" classname="maintest.SPcasereg"/>
  <testcase name="TC_SPCR_026" time="33.001" classname="maintest.SPcasereg"/>
  <testcase name="TC_SPDOC_006" time="4.535" classname="maintest.SPcasereg"/>
  <testcase name="TC_SPCR_001" time="4.238" classname="maintest.SPcasereg"/>
  <testcase name="TC_SPINF_018" time="6.742" classname="maintest.SPcasereg"/>
  <testcase name="TC_SPINF_024" time="18.554" classname="maintest.SPcasereg"/>
  <testcase name="TC_SPINF_017" time="0.041" classname="maintest.SPcasereg"/>
  <testcase name="TC_SPCR_011" time="81.438" classname="maintest.SPcasereg"/>
  <testcase name="TC_SCPR_004" time="0.037" classname="maintest.SPcasereg"/>
  <testcase name="TC_SPCR_025" time="31.690" classname="maintest.SPcasereg"/>
  <testcase name="TC_SPINF_010" time="63.848" classname="maintest.SPcasereg"/>
  <testcase name="TC_SPCR_010" time="102.306" classname="maintest.SPcasereg"/>
  <testcase name="TC_SPINF_020" time="0.038" classname="maintest.SPcasereg"/>
</testsuite> <!-- maintest.SPcasereg -->
