<?xml version="1.0" encoding="UTF-8"?>
<!-- Generated by org.testng.reporters.JUnitReportReporter -->
<testsuite hostname="KAD-I-002" name="maintest.SPcasereg" tests="16" failures="0" timestamp="17 Sep 2018 12:30:42 GMT" time="474.058" errors="0">
  <testcase name="Login" time="30.920" classname="maintest.SPcasereg"/>
  <testcase name="TC_SPCR_012" time="71.490" classname="maintest.SPcasereg"/>
  <testcase name="TC_SPCR_014" time="72.840" classname="maintest.SPcasereg"/>
  <testcase name="TC_SPCR_004" time="0.030" classname="maintest.SPcasereg"/>
  <testcase name="TC_SPCR_005" time="0.030" classname="maintest.SPcasereg"/>
  <testcase name="TC_SPCR_009" time="0.029" classname="maintest.SPcasereg"/>
  <testcase name="TC_SPCR_013" time="73.135" classname="maintest.SPcasereg"/>
  <testcase name="TC_SPCR_015" time="71.037" classname="maintest.SPcasereg"/>
  <testcase name="TC_SPCR_011" time="75.741" classname="maintest.SPcasereg"/>
  <testcase name="TC_SPCR_006" time="0.030" classname="maintest.SPcasereg"/>
  <testcase name="TC_SPCR_008" time="0.031" classname="maintest.SPcasereg"/>
  <testcase name="TC_SPCR_001" time="0.054" classname="maintest.SPcasereg"/>
  <testcase name="TC_SPCR_002" time="3.142" classname="maintest.SPcasereg"/>
  <testcase name="TC_SPCR_007" time="0.043" classname="maintest.SPcasereg"/>
  <testcase name="TC_SPCR_003" time="0.030" classname="maintest.SPcasereg"/>
  <testcase name="TC_SPCR_010" time="75.476" classname="maintest.SPcasereg"/>
</testsuite> <!-- maintest.SPcasereg -->
