<?xml version="1.0" encoding="UTF-8"?>
<!-- Generated by org.testng.reporters.JUnitReportReporter -->
<testsuite hostname="KAD-I-032" name="maintest.Basic" tests="2" failures="0" timestamp="8 Oct 2018 13:31:34 GMT" time="27.628" errors="0">
  <testcase name="TC_SPDOC_003" time="10.740" classname="maintest.Basic"/>
  <testcase name="TC_SPDOC_001" time="16.888" classname="maintest.Basic"/>
</testsuite> <!-- maintest.Basic -->
