<?xml version="1.0" encoding="UTF-8"?>
<!-- Generated by org.testng.reporters.JUnitReportReporter -->
<testsuite hostname="KAD-I-032" name="maintest.SPcasereg" tests="60" failures="0" timestamp="13 Oct 2018 05:17:07 GMT" time="1674.040" errors="0">
  <testcase name="TC_SPINF_027" time="5.918" classname="maintest.SPcasereg"/>
  <testcase name="TC_SPCR_006" time="0.037" classname="maintest.SPcasereg"/>
  <testcase name="TC_SPDOC_006" time="4.550" classname="maintest.SPcasereg"/>
  <testcase name="TC_SPINF_009" time="3.569" classname="maintest.SPcasereg"/>
  <testcase name="TC_SPINF_026" time="0.075" classname="maintest.SPcasereg"/>
  <testcase name="TC_SPINF_035" time="0.038" classname="maintest.SPcasereg"/>
  <testcase name="TC_SPDOC_001" time="43.794" classname="maintest.SPcasereg"/>
  <testcase name="TC_SPINF_006" time="42.108" classname="maintest.SPcasereg"/>
  <testcase name="TC_SPINF_008" time="9.928" classname="maintest.SPcasereg"/>
  <testcase name="TC_SPDOC_007" time="5.570" classname="maintest.SPcasereg"/>
  <testcase name="TC_SPINF_012" time="334.540" classname="maintest.SPcasereg"/>
  <testcase name="TC_SPINF_021" time="7.073" classname="maintest.SPcasereg"/>
  <testcase name="TC_SPINF_032" time="0.037" classname="maintest.SPcasereg"/>
  <testcase name="TC_SPCR_010" time="80.990" classname="maintest.SPcasereg"/>
  <testcase name="TC_SPDOC_008" time="7.287" classname="maintest.SPcasereg"/>
  <testcase name="TC_SPCR_009" time="0.037" classname="maintest.SPcasereg"/>
  <testcase name="TC_SPCR_001" time="6.158" classname="maintest.SPcasereg"/>
  <testcase name="TC_SPCR_011" time="80.817" classname="maintest.SPcasereg"/>
  <testcase name="TC_SPINF_024" time="16.325" classname="maintest.SPcasereg"/>
  <testcase name="TC_SPCR_023" time="21.519" classname="maintest.SPcasereg"/>
  <testcase name="TC_SPINF_011" time="57.195" classname="maintest.SPcasereg"/>
  <testcase name="TC_SPDOC_004" time="21.602" classname="maintest.SPcasereg"/>
  <testcase name="TC_SPDOC_003" time="10.689" classname="maintest.SPcasereg"/>
  <testcase name="TC_SPINF_003" time="0.100" classname="maintest.SPcasereg"/>
  <testcase name="TC_SPINF_029" time="0.042" classname="maintest.SPcasereg"/>
  <testcase name="TC_SPDOC_002" time="10.539" classname="maintest.SPcasereg"/>
  <testcase name="TC_SPINF_010" time="56.008" classname="maintest.SPcasereg"/>
  <testcase name="TC_SPNAPP_001" time="62.800" classname="maintest.SPcasereg"/>
  <testcase name="TC_SPINF_018" time="7.461" classname="maintest.SPcasereg"/>
  <testcase name="TC_SPCR_002" time="3.205" classname="maintest.SPcasereg"/>
  <testcase name="TC_SPINF_039" time="7.998" classname="maintest.SPcasereg"/>
  <testcase name="TC_SPINF_030" time="5.623" classname="maintest.SPcasereg"/>
  <testcase name="TC_SPINF_033" time="6.146" classname="maintest.SPcasereg"/>
  <testcase name="TC_SPINF_007" time="49.131" classname="maintest.SPcasereg"/>
  <testcase name="TC_SPDOC_005" time="104.835" classname="maintest.SPcasereg"/>
  <testcase name="TC_SPINF_005" time="31.247" classname="maintest.SPcasereg"/>
  <testcase name="TC_SPCEP_001" time="53.664" classname="maintest.SPcasereg"/>
  <testcase name="TC_SPINF_023" time="0.039" classname="maintest.SPcasereg"/>
  <testcase name="TC_SPCEP_002" time="20.736" classname="maintest.SPcasereg"/>
  <testcase name="TC_SPCR_005" time="0.051" classname="maintest.SPcasereg"/>
  <testcase name="TC_SPCR_024" time="10.038" classname="maintest.SPcasereg"/>
  <testcase name="TC_SPINF_014" time="0.040" classname="maintest.SPcasereg"/>
  <testcase name="TC_SPINF_017" time="0.041" classname="maintest.SPcasereg"/>
  <testcase name="TC_SPINF_038" time="1.445" classname="maintest.SPcasereg"/>
  <testcase name="TC_SPINF_002" time="136.671" classname="maintest.SPcasereg"/>
  <testcase name="TC_SPCR_007" time="0.041" classname="maintest.SPcasereg"/>
  <testcase name="TC_SPCR_026" time="35.266" classname="maintest.SPcasereg"/>
  <testcase name="TC_SPINF_015" time="8.760" classname="maintest.SPcasereg"/>
  <testcase name="TC_SPCR_003" time="0.055" classname="maintest.SPcasereg"/>
  <testcase name="TC_SPCR_025" time="33.438" classname="maintest.SPcasereg"/>
  <testcase name="TC_SPINF_004" time="3.648" classname="maintest.SPcasereg"/>
  <testcase name="TC_SPINF_001" time="55.663" classname="maintest.SPcasereg"/>
  <testcase name="TC_SPCR_022" time="32.771" classname="maintest.SPcasereg"/>
  <testcase name="TC_SPCEP_003" time="136.391" classname="maintest.SPcasereg"/>
  <testcase name="TC_SPCR_008" time="0.038" classname="maintest.SPcasereg"/>
  <testcase name="TC_SPCR_027" time="28.527" classname="maintest.SPcasereg"/>
  <testcase name="TC_SPCEP_004" time="0.686" classname="maintest.SPcasereg"/>
  <testcase name="TC_SCPR_004" time="0.058" classname="maintest.SPcasereg"/>
  <testcase name="Login" time="10.942" classname="maintest.SPcasereg"/>
  <testcase name="TC_SPINF_020" time="0.040" classname="maintest.SPcasereg"/>
</testsuite> <!-- maintest.SPcasereg -->
