<?xml version="1.0" encoding="UTF-8"?>
<!-- Generated by org.testng.reporters.JUnitReportReporter -->
<testsuite hostname="KAD-I-032" name="maintest.SPcasereg" tests="49" failures="1" timestamp="8 Oct 2018 05:47:37 GMT" time="1517.069" errors="0">
  <testcase name="TC_SPINF_009" time="3.600" classname="maintest.SPcasereg"/>
  <testcase name="TC_SPINF_008" time="9.890" classname="maintest.SPcasereg"/>
  <testcase name="TC_SPCR_009" time="0.106" classname="maintest.SPcasereg"/>
  <testcase name="TC_SPCR_011" time="82.556" classname="maintest.SPcasereg"/>
  <testcase name="TC_SPINF_026" time="0.047" classname="maintest.SPcasereg"/>
  <testcase name="TC_SPINF_010" time="55.732" classname="maintest.SPcasereg"/>
  <testcase name="Login" time="8.694" classname="maintest.SPcasereg"/>
  <testcase name="TC_SPCR_004" time="0.047" classname="maintest.SPcasereg"/>
  <testcase name="TC_SPINF_018" time="18.233" classname="maintest.SPcasereg"/>
  <testcase name="TC_SPCR_007" time="0.064" classname="maintest.SPcasereg"/>
  <testcase name="TC_SPINF_032" time="0.046" classname="maintest.SPcasereg"/>
  <testcase name="TC_SPINF_006" time="41.870" classname="maintest.SPcasereg"/>
  <testcase name="TC_SPINF_021" time="32.379" classname="maintest.SPcasereg"/>
  <testcase name="TC_SPINF_035" time="0.048" classname="maintest.SPcasereg"/>
  <testcase name="TC_SPCR_022" time="33.096" classname="maintest.SPcasereg"/>
  <testcase name="TC_SPCR_027" time="32.199" classname="maintest.SPcasereg"/>
  <testcase name="TC_SPCR_001" time="4.262" classname="maintest.SPcasereg"/>
  <testcase name="TC_SPCEP_001" time="145.750" classname="maintest.SPcasereg"/>
  <testcase name="TC_SPCR_006" time="0.047" classname="maintest.SPcasereg"/>
  <testcase name="TC_SPINF_001" time="55.299" classname="maintest.SPcasereg"/>
  <testcase name="TC_SPINF_030" time="21.361" classname="maintest.SPcasereg"/>
  <testcase name="TC_SPCR_008" time="0.047" classname="maintest.SPcasereg"/>
  <testcase name="TC_SPINF_011" time="58.389" classname="maintest.SPcasereg"/>
  <testcase name="TC_SPINF_012" time="373.225" classname="maintest.SPcasereg"/>
  <testcase name="TC_SPNAPP_001" time="0.094" classname="maintest.SPcasereg">
    <failure type="org.openqa.selenium.ElementNotVisibleException" message="element not interactable
  (Session info: chrome=69.0.3497.100)
  (Driver info: chromedriver=2.42.591088 (7b2b2dca23cca0862f674758c9a3933e685c27d5),platform=Windows NT 6.1.7601 SP1 x86) (WARNING: The server did not provide any stacktrace information)
Command duration or timeout: 0 milliseconds
Build info: version: &#039;3.12.0&#039;, revision: &#039;7c6e0b3&#039;, time: &#039;2018-05-08T14:04:26.12Z&#039;
System info: host: &#039;KAD-I-032&#039;, ip: &#039;192.168.2.67&#039;, os.name: &#039;Windows 7&#039;, os.arch: &#039;x86&#039;, os.version: &#039;6.1&#039;, java.version: &#039;1.8.0_181&#039;
Driver info: org.openqa.selenium.chrome.ChromeDriver
Capabilities {acceptInsecureCerts: false, acceptSslCerts: false, applicationCacheEnabled: false, browserConnectionEnabled: false, browserName: chrome, chrome: {chromedriverVersion: 2.42.591088 (7b2b2dca23cca0..., userDataDir: C:\Users\admin\AppData\Loca...}, cssSelectorsEnabled: true, databaseEnabled: false, goog:chromeOptions: {debuggerAddress: localhost:49632}, handlesAlerts: true, hasTouchScreen: false, javascriptEnabled: true, locationContextEnabled: true, mobileEmulationEnabled: false, nativeEvents: true, networkConnectionEnabled: false, pageLoadStrategy: normal, platform: XP, platformName: XP, rotatable: false, setWindowRect: true, takesHeapSnapshot: true, takesScreenshot: true, unexpectedAlertBehaviour: , unhandledPromptBehavior: , version: 69.0.3497.100, webStorageEnabled: true}
Session ID: e5ed79643885cdfc6aa6249e96c15a2c">
      <![CDATA[org.openqa.selenium.ElementNotVisibleException: element not interactable
  (Session info: chrome=69.0.3497.100)
  (Driver info: chromedriver=2.42.591088 (7b2b2dca23cca0862f674758c9a3933e685c27d5),platform=Windows NT 6.1.7601 SP1 x86) (WARNING: The server did not provide any stacktrace information)
Command duration or timeout: 0 milliseconds
Build info: version: '3.12.0', revision: '7c6e0b3', time: '2018-05-08T14:04:26.12Z'
System info: host: 'KAD-I-032', ip: '192.168.2.67', os.name: 'Windows 7', os.arch: 'x86', os.version: '6.1', java.version: '1.8.0_181'
Driver info: org.openqa.selenium.chrome.ChromeDriver
Capabilities {acceptInsecureCerts: false, acceptSslCerts: false, applicationCacheEnabled: false, browserConnectionEnabled: false, browserName: chrome, chrome: {chromedriverVersion: 2.42.591088 (7b2b2dca23cca0..., userDataDir: C:\Users\admin\AppData\Loca...}, cssSelectorsEnabled: true, databaseEnabled: false, goog:chromeOptions: {debuggerAddress: localhost:49632}, handlesAlerts: true, hasTouchScreen: false, javascriptEnabled: true, locationContextEnabled: true, mobileEmulationEnabled: false, nativeEvents: true, networkConnectionEnabled: false, pageLoadStrategy: normal, platform: XP, platformName: XP, rotatable: false, setWindowRect: true, takesHeapSnapshot: true, takesScreenshot: true, unexpectedAlertBehaviour: , unhandledPromptBehavior: , version: 69.0.3497.100, webStorageEnabled: true}
Session ID: e5ed79643885cdfc6aa6249e96c15a2c
	at sun.reflect.NativeConstructorAccessorImpl.newInstance0(Native Method)
	at sun.reflect.NativeConstructorAccessorImpl.newInstance(Unknown Source)
	at sun.reflect.DelegatingConstructorAccessorImpl.newInstance(Unknown Source)
	at java.lang.reflect.Constructor.newInstance(Unknown Source)
	at org.openqa.selenium.remote.ErrorHandler.createThrowable(ErrorHandler.java:214)
	at org.openqa.selenium.remote.ErrorHandler.throwIfResponseFailed(ErrorHandler.java:166)
	at org.openqa.selenium.remote.http.JsonHttpResponseCodec.reconstructValue(JsonHttpResponseCodec.java:40)
	at org.openqa.selenium.remote.http.AbstractHttpResponseCodec.decode(AbstractHttpResponseCodec.java:80)
	at org.openqa.selenium.remote.http.AbstractHttpResponseCodec.decode(AbstractHttpResponseCodec.java:44)
	at org.openqa.selenium.remote.HttpCommandExecutor.execute(HttpCommandExecutor.java:158)
	at org.openqa.selenium.remote.service.DriverCommandExecutor.execute(DriverCommandExecutor.java:83)
	at org.openqa.selenium.remote.RemoteWebDriver.execute(RemoteWebDriver.java:543)
	at org.openqa.selenium.remote.RemoteWebElement.execute(RemoteWebElement.java:276)
	at org.openqa.selenium.remote.RemoteWebElement.click(RemoteWebElement.java:83)
	at environment.Utill.click_element(Utill.java:162)
	at pages.Home.clickRegister(Home.java:92)
	at maintest.SPcasereg.TC_SPNAPP_001(SPcasereg.java:1511)
	at sun.reflect.NativeMethodAccessorImpl.invoke0(Native Method)
	at sun.reflect.NativeMethodAccessorImpl.invoke(Unknown Source)
	at sun.reflect.DelegatingMethodAccessorImpl.invoke(Unknown Source)
	at java.lang.reflect.Method.invoke(Unknown Source)
	at org.testng.internal.MethodInvocationHelper.invokeMethod(MethodInvocationHelper.java:80)
	at org.testng.internal.Invoker.invokeMethod(Invoker.java:714)
	at org.testng.internal.Invoker.invokeTestMethod(Invoker.java:901)
	at org.testng.internal.Invoker.invokeTestMethods(Invoker.java:1231)
	at org.testng.internal.TestMethodWorker.invokeTestMethods(TestMethodWorker.java:127)
	at org.testng.internal.TestMethodWorker.run(TestMethodWorker.java:111)
	at org.testng.TestRunner.privateRun(TestRunner.java:767)
	at org.testng.TestRunner.run(TestRunner.java:617)
	at org.testng.SuiteRunner.runTest(SuiteRunner.java:334)
	at org.testng.SuiteRunner.runSequentially(SuiteRunner.java:329)
	at org.testng.SuiteRunner.privateRun(SuiteRunner.java:291)
	at org.testng.SuiteRunner.run(SuiteRunner.java:240)
	at org.testng.SuiteRunnerWorker.runSuite(SuiteRunnerWorker.java:52)
	at org.testng.SuiteRunnerWorker.run(SuiteRunnerWorker.java:86)
	at org.testng.TestNG.runSuitesSequentially(TestNG.java:1198)
	at org.testng.TestNG.runSuitesLocally(TestNG.java:1123)
	at org.testng.TestNG.run(TestNG.java:1031)
	at org.testng.remote.AbstractRemoteTestNG.run(AbstractRemoteTestNG.java:114)
	at org.testng.remote.RemoteTestNG.initAndRun(RemoteTestNG.java:251)
	at org.testng.remote.RemoteTestNG.main(RemoteTestNG.java:77)
]]>
    </failure>
  </testcase> <!-- TC_SPNAPP_001 -->
  <testcase name="TC_SPINF_024" time="34.692" classname="maintest.SPcasereg"/>
  <testcase name="TC_SPCR_025" time="33.444" classname="maintest.SPcasereg"/>
  <testcase name="TC_SPINF_007" time="47.240" classname="maintest.SPcasereg"/>
  <testcase name="TC_SPINF_014" time="0.049" classname="maintest.SPcasereg"/>
  <testcase name="TC_SPINF_002" time="149.550" classname="maintest.SPcasereg"/>
  <testcase name="TC_SPINF_015" time="24.198" classname="maintest.SPcasereg"/>
  <testcase name="TC_SPINF_038" time="1.479" classname="maintest.SPcasereg"/>
  <testcase name="TC_SPCR_010" time="80.357" classname="maintest.SPcasereg"/>
  <testcase name="TC_SPCR_024" time="8.742" classname="maintest.SPcasereg"/>
  <testcase name="TC_SPCR_002" time="3.250" classname="maintest.SPcasereg"/>
  <testcase name="TC_SPINF_004" time="3.653" classname="maintest.SPcasereg"/>
  <testcase name="TC_SPINF_029" time="0.048" classname="maintest.SPcasereg"/>
  <testcase name="TC_SPINF_039" time="22.928" classname="maintest.SPcasereg"/>
  <testcase name="TC_SPINF_033" time="21.450" classname="maintest.SPcasereg"/>
  <testcase name="TC_SPCR_005" time="0.063" classname="maintest.SPcasereg"/>
  <testcase name="TC_SPCR_023" time="21.542" classname="maintest.SPcasereg"/>
  <testcase name="TC_SPCR_026" time="32.541" classname="maintest.SPcasereg"/>
  <testcase name="TC_SPINF_027" time="21.619" classname="maintest.SPcasereg"/>
  <testcase name="TC_SPINF_003" time="0.126" classname="maintest.SPcasereg"/>
  <testcase name="TC_SPINF_017" time="0.047" classname="maintest.SPcasereg"/>
  <testcase name="TC_SPINF_005" time="32.825" classname="maintest.SPcasereg"/>
  <testcase name="TC_SPINF_023" time="0.047" classname="maintest.SPcasereg"/>
  <testcase name="TC_SPCR_003" time="0.051" classname="maintest.SPcasereg"/>
  <testcase name="TC_SPINF_020" time="0.047" classname="maintest.SPcasereg"/>
</testsuite> <!-- maintest.SPcasereg -->
