<?xml version="1.0" encoding="UTF-8"?>
<!-- Generated by org.testng.reporters.JUnitReportReporter -->
<testsuite hostname="KAD-I-032" name="maintest.FullFlow" tests="3" failures="0" timestamp="19 Oct 2018 06:00:49 GMT" time="138.340" errors="0">
  <testcase name="Login" time="8.834" classname="maintest.FullFlow"/>
  <testcase name="dataEntryAssign" time="92.627" classname="maintest.FullFlow"/>
  <testcase name="caseregistration" time="36.879" classname="maintest.FullFlow"/>
</testsuite> <!-- maintest.FullFlow -->
