<?xml version="1.0" encoding="UTF-8"?>
<!-- Generated by org.testng.reporters.JUnitReportReporter -->
<testsuite hostname="KAD-I-002" name="maintest.Basic" tests="1" failures="0" timestamp="7 Sep 2018 05:11:00 GMT" time="6.422" errors="0">
  <testcase name="Login" time="6.422" classname="maintest.Basic"/>
</testsuite> <!-- maintest.Basic -->
