<?xml version="1.0" encoding="UTF-8"?>
<!-- Generated by org.testng.reporters.JUnitReportReporter -->
<testsuite hostname="KAD-I-032" name="maintest.Basic" tests="2" failures="0" timestamp="24 Sep 2018 12:39:59 GMT" time="173.602" errors="0">
  <testcase name="Login" time="7.990" classname="maintest.Basic"/>
  <testcase name="TC_SPINF_002" time="165.612" classname="maintest.Basic"/>
</testsuite> <!-- maintest.Basic -->
