<?xml version="1.0" encoding="UTF-8"?>
<!-- Generated by org.testng.reporters.JUnitReportReporter -->
<testsuite hostname="KAD-I-032" name="maintest2.Basic" tests="2" failures="0" timestamp="19 Oct 2018 06:54:25 GMT" time="44.977" errors="0">
  <testcase name="dataEntry" time="11.332" classname="maintest2.Basic"/>
  <testcase name="Login" time="33.645" classname="maintest2.Basic"/>
</testsuite> <!-- maintest2.Basic -->
