<?xml version="1.0" encoding="UTF-8"?>
<!-- Generated by org.testng.reporters.JUnitReportReporter -->
<testsuite hostname="KAD-I-002" name="maintest.Basic" tests="1" failures="0" timestamp="18 Sep 2018 11:29:49 GMT" time="29.347" errors="0">
  <testcase name="Login" time="29.347" classname="maintest.Basic"/>
</testsuite> <!-- maintest.Basic -->
