<?xml version="1.0" encoding="UTF-8"?>
<!-- Generated by org.testng.reporters.JUnitReportReporter -->
<testsuite hostname="KAD-I-032" name="testcasesprac.SPcasereg" tests="60" failures="9" timestamp="10 Oct 2018 11:47:09 GMT" time="1720.465" errors="0">
  <testcase name="Login" time="8.340" classname="testcasesprac.SPcasereg"/>
  <testcase name="TC_SPCEP_003" time="167.855" classname="testcasesprac.SPcasereg"/>
  <testcase name="TC_SPINF_008" time="9.839" classname="testcasesprac.SPcasereg"/>
  <testcase name="TC_SPINF_010" time="62.437" classname="testcasesprac.SPcasereg"/>
  <testcase name="TC_SPDOC_001" time="107.372" classname="testcasesprac.SPcasereg">
    <failure type="org.openqa.selenium.WebDriverException" message="unknown error: Element &lt;input class=&quot;rbDecorated&quot; type=&quot;button&quot; name=&quot;ctl00$ContentPlaceHolder1$btnCaseDocument_input&quot; id=&quot;ctl00_ContentPlaceHolder1_btnCaseDocument_input&quot; value=&quot;Upload Case Document(s)&quot; tabindex=&quot;-1&quot;&gt; is not clickable at point (1257, 602). Other element would receive the click: &lt;div unselectable=&quot;on&quot; class=&quot;TelerikModalOverlay&quot; style=&quot;position: absolute; left: 0px; top: 0px; z-index: 3000; background-color: rgb(170, 170, 170); opacity: 0.5; width: 1350px; height: 1106px;&quot;&gt;&lt;/div&gt;
  (Session info: chrome=69.0.3497.100)
  (Driver info: chromedriver=2.42.591088 (7b2b2dca23cca0862f674758c9a3933e685c27d5),platform=Windows NT 6.1.7601 SP1 x86) (WARNING: The server did not provide any stacktrace information)
Command duration or timeout: 0 milliseconds
Build info: version: &#039;3.12.0&#039;, revision: &#039;7c6e0b3&#039;, time: &#039;2018-05-08T14:04:26.12Z&#039;
System info: host: &#039;KAD-I-032&#039;, ip: &#039;192.168.2.67&#039;, os.name: &#039;Windows 7&#039;, os.arch: &#039;x86&#039;, os.version: &#039;6.1&#039;, java.version: &#039;1.8.0_181&#039;
Driver info: org.openqa.selenium.chrome.ChromeDriver
Capabilities {acceptInsecureCerts: false, acceptSslCerts: false, applicationCacheEnabled: false, browserConnectionEnabled: false, browserName: chrome, chrome: {chromedriverVersion: 2.42.591088 (7b2b2dca23cca0..., userDataDir: C:\Users\admin\AppData\Loca...}, cssSelectorsEnabled: true, databaseEnabled: false, goog:chromeOptions: {debuggerAddress: localhost:53325}, handlesAlerts: true, hasTouchScreen: false, javascriptEnabled: true, locationContextEnabled: true, mobileEmulationEnabled: false, nativeEvents: true, networkConnectionEnabled: false, pageLoadStrategy: normal, platform: XP, platformName: XP, rotatable: false, setWindowRect: true, takesHeapSnapshot: true, takesScreenshot: true, unexpectedAlertBehaviour: , unhandledPromptBehavior: , version: 69.0.3497.100, webStorageEnabled: true}
Session ID: 5e89d193e1b9d1f3eb33e28072b9cbf6">
      <![CDATA[org.openqa.selenium.WebDriverException: unknown error: Element <input class="rbDecorated" type="button" name="ctl00$ContentPlaceHolder1$btnCaseDocument_input" id="ctl00_ContentPlaceHolder1_btnCaseDocument_input" value="Upload Case Document(s)" tabindex="-1"> is not clickable at point (1257, 602). Other element would receive the click: <div unselectable="on" class="TelerikModalOverlay" style="position: absolute; left: 0px; top: 0px; z-index: 3000; background-color: rgb(170, 170, 170); opacity: 0.5; width: 1350px; height: 1106px;"></div>
  (Session info: chrome=69.0.3497.100)
  (Driver info: chromedriver=2.42.591088 (7b2b2dca23cca0862f674758c9a3933e685c27d5),platform=Windows NT 6.1.7601 SP1 x86) (WARNING: The server did not provide any stacktrace information)
Command duration or timeout: 0 milliseconds
Build info: version: '3.12.0', revision: '7c6e0b3', time: '2018-05-08T14:04:26.12Z'
System info: host: 'KAD-I-032', ip: '192.168.2.67', os.name: 'Windows 7', os.arch: 'x86', os.version: '6.1', java.version: '1.8.0_181'
Driver info: org.openqa.selenium.chrome.ChromeDriver
Capabilities {acceptInsecureCerts: false, acceptSslCerts: false, applicationCacheEnabled: false, browserConnectionEnabled: false, browserName: chrome, chrome: {chromedriverVersion: 2.42.591088 (7b2b2dca23cca0..., userDataDir: C:\Users\admin\AppData\Loca...}, cssSelectorsEnabled: true, databaseEnabled: false, goog:chromeOptions: {debuggerAddress: localhost:53325}, handlesAlerts: true, hasTouchScreen: false, javascriptEnabled: true, locationContextEnabled: true, mobileEmulationEnabled: false, nativeEvents: true, networkConnectionEnabled: false, pageLoadStrategy: normal, platform: XP, platformName: XP, rotatable: false, setWindowRect: true, takesHeapSnapshot: true, takesScreenshot: true, unexpectedAlertBehaviour: , unhandledPromptBehavior: , version: 69.0.3497.100, webStorageEnabled: true}
Session ID: 5e89d193e1b9d1f3eb33e28072b9cbf6
	at sun.reflect.NativeConstructorAccessorImpl.newInstance0(Native Method)
	at sun.reflect.NativeConstructorAccessorImpl.newInstance(Unknown Source)
	at sun.reflect.DelegatingConstructorAccessorImpl.newInstance(Unknown Source)
	at java.lang.reflect.Constructor.newInstance(Unknown Source)
	at org.openqa.selenium.remote.ErrorHandler.createThrowable(ErrorHandler.java:214)
	at org.openqa.selenium.remote.ErrorHandler.throwIfResponseFailed(ErrorHandler.java:166)
	at org.openqa.selenium.remote.http.JsonHttpResponseCodec.reconstructValue(JsonHttpResponseCodec.java:40)
	at org.openqa.selenium.remote.http.AbstractHttpResponseCodec.decode(AbstractHttpResponseCodec.java:80)
	at org.openqa.selenium.remote.http.AbstractHttpResponseCodec.decode(AbstractHttpResponseCodec.java:44)
	at org.openqa.selenium.remote.HttpCommandExecutor.execute(HttpCommandExecutor.java:158)
	at org.openqa.selenium.remote.service.DriverCommandExecutor.execute(DriverCommandExecutor.java:83)
	at org.openqa.selenium.remote.RemoteWebDriver.execute(RemoteWebDriver.java:543)
	at org.openqa.selenium.remote.RemoteWebElement.execute(RemoteWebElement.java:276)
	at org.openqa.selenium.remote.RemoteWebElement.click(RemoteWebElement.java:83)
	at environment.Utill.click_element(Utill.java:161)
	at pages.CaseRegistration.uploadcaseDoc(CaseRegistration.java:278)
	at pages.CaseRegistration.getuploadcaseDoc(CaseRegistration.java:242)
	at testcasesprac.SPcasereg.TC_SPDOC_001(SPcasereg.java:1731)
	at sun.reflect.NativeMethodAccessorImpl.invoke0(Native Method)
	at sun.reflect.NativeMethodAccessorImpl.invoke(Unknown Source)
	at sun.reflect.DelegatingMethodAccessorImpl.invoke(Unknown Source)
	at java.lang.reflect.Method.invoke(Unknown Source)
	at org.testng.internal.MethodInvocationHelper.invokeMethod(MethodInvocationHelper.java:80)
	at org.testng.internal.Invoker.invokeMethod(Invoker.java:714)
	at org.testng.internal.Invoker.invokeTestMethod(Invoker.java:901)
	at org.testng.internal.Invoker.invokeTestMethods(Invoker.java:1231)
	at org.testng.internal.TestMethodWorker.invokeTestMethods(TestMethodWorker.java:127)
	at org.testng.internal.TestMethodWorker.run(TestMethodWorker.java:111)
	at org.testng.TestRunner.privateRun(TestRunner.java:767)
	at org.testng.TestRunner.run(TestRunner.java:617)
	at org.testng.SuiteRunner.runTest(SuiteRunner.java:334)
	at org.testng.SuiteRunner.runSequentially(SuiteRunner.java:329)
	at org.testng.SuiteRunner.privateRun(SuiteRunner.java:291)
	at org.testng.SuiteRunner.run(SuiteRunner.java:240)
	at org.testng.SuiteRunnerWorker.runSuite(SuiteRunnerWorker.java:52)
	at org.testng.SuiteRunnerWorker.run(SuiteRunnerWorker.java:86)
	at org.testng.TestNG.runSuitesSequentially(TestNG.java:1198)
	at org.testng.TestNG.runSuitesLocally(TestNG.java:1123)
	at org.testng.TestNG.run(TestNG.java:1031)
	at org.testng.remote.AbstractRemoteTestNG.run(AbstractRemoteTestNG.java:114)
	at org.testng.remote.RemoteTestNG.initAndRun(RemoteTestNG.java:251)
	at org.testng.remote.RemoteTestNG.main(RemoteTestNG.java:77)
]]>
    </failure>
  </testcase> <!-- TC_SPDOC_001 -->
  <testcase name="TC_SPINF_023" time="0.062" classname="testcasesprac.SPcasereg"/>
  <testcase name="TC_SPINF_003" time="0.131" classname="testcasesprac.SPcasereg"/>
  <testcase name="TC_SPINF_007" time="51.398" classname="testcasesprac.SPcasereg"/>
  <testcase name="TC_SPINF_039" time="22.399" classname="testcasesprac.SPcasereg"/>
  <testcase name="TC_SPCR_010" time="91.276" classname="testcasesprac.SPcasereg"/>
  <testcase name="TC_SPINF_020" time="0.078" classname="testcasesprac.SPcasereg"/>
  <testcase name="TC_SPCR_007" time="0.047" classname="testcasesprac.SPcasereg"/>
  <testcase name="TC_SPCR_008" time="0.047" classname="testcasesprac.SPcasereg"/>
  <testcase name="TC_SPCR_009" time="0.049" classname="testcasesprac.SPcasereg"/>
  <testcase name="TC_SPCR_023" time="21.727" classname="testcasesprac.SPcasereg"/>
  <testcase name="TC_SPDOC_002" time="0.000" classname="testcasesprac.SPcasereg"/>
  <testcase name="TC_SPCR_024" time="9.178" classname="testcasesprac.SPcasereg"/>
  <testcase name="TC_SPCR_025" time="33.978" classname="testcasesprac.SPcasereg"/>
  <testcase name="TC_SPINF_012" time="353.778" classname="testcasesprac.SPcasereg"/>
  <testcase name="TC_SPDOC_006" time="0.000" classname="testcasesprac.SPcasereg"/>
  <testcase name="TC_SPCR_006" time="0.047" classname="testcasesprac.SPcasereg"/>
  <testcase name="TC_SPCEP_001" time="54.927" classname="testcasesprac.SPcasereg"/>
  <testcase name="TC_SPCEP_002" time="19.560" classname="testcasesprac.SPcasereg"/>
  <testcase name="TC_SPCR_022" time="29.996" classname="testcasesprac.SPcasereg"/>
  <testcase name="TC_SPCEP_004" time="11.045" classname="testcasesprac.SPcasereg"/>
  <testcase name="TC_SPCR_027" time="29.104" classname="testcasesprac.SPcasereg"/>
  <testcase name="TC_SPINF_018" time="23.548" classname="testcasesprac.SPcasereg"/>
  <testcase name="TC_SPDOC_007" time="0.000" classname="testcasesprac.SPcasereg"/>
  <testcase name="TC_SPINF_002" time="138.311" classname="testcasesprac.SPcasereg"/>
  <testcase name="TC_SPINF_015" time="21.858" classname="testcasesprac.SPcasereg"/>
  <testcase name="TC_SPCR_001" time="3.846" classname="testcasesprac.SPcasereg"/>
  <testcase name="TC_SPINF_030" time="21.236" classname="testcasesprac.SPcasereg"/>
  <testcase name="TC_SPINF_024" time="26.568" classname="testcasesprac.SPcasereg"/>
  <testcase name="TC_SPINF_029" time="0.063" classname="testcasesprac.SPcasereg"/>
  <testcase name="TC_SPINF_032" time="0.063" classname="testcasesprac.SPcasereg"/>
  <testcase name="TC_SPINF_026" time="0.095" classname="testcasesprac.SPcasereg"/>
  <testcase name="TC_SPINF_001" time="53.838" classname="testcasesprac.SPcasereg"/>
  <testcase name="TC_SPINF_033" time="21.298" classname="testcasesprac.SPcasereg"/>
  <testcase name="TC_SPINF_035" time="0.047" classname="testcasesprac.SPcasereg"/>
  <testcase name="TC_SPDOC_008" time="0.000" classname="testcasesprac.SPcasereg"/>
  <testcase name="TC_SPCR_011" time="82.761" classname="testcasesprac.SPcasereg"/>
  <testcase name="TC_SPCR_003" time="11.276" classname="testcasesprac.SPcasereg"/>
  <testcase name="TC_SPINF_006" time="42.078" classname="testcasesprac.SPcasereg"/>
  <testcase name="TC_SPINF_011" time="57.327" classname="testcasesprac.SPcasereg"/>
  <testcase name="TC_SPINF_027" time="21.774" classname="testcasesprac.SPcasereg"/>
  <testcase name="TC_SPCR_005" time="0.046" classname="testcasesprac.SPcasereg"/>
  <testcase name="TC_SPINF_009" time="3.748" classname="testcasesprac.SPcasereg"/>
  <testcase name="TC_SPINF_005" time="32.980" classname="testcasesprac.SPcasereg"/>
  <testcase name="TC_SPCR_026" time="33.478" classname="testcasesprac.SPcasereg"/>
  <testcase name="TC_SPCR_002" time="3.222" classname="testcasesprac.SPcasereg"/>
  <testcase name="TC_SPINF_017" time="8.430" classname="testcasesprac.SPcasereg"/>
  <testcase name="TC_SPINF_021" time="22.454" classname="testcasesprac.SPcasereg"/>
  <testcase name="TC_SPCR_004" time="0.048" classname="testcasesprac.SPcasereg"/>
  <testcase name="TC_SPINF_038" time="1.660" classname="testcasesprac.SPcasereg"/>
  <testcase name="TC_SPDOC_005" time="0.000" classname="testcasesprac.SPcasereg"/>
  <testcase name="TC_SPDOC_004" time="0.000" classname="testcasesprac.SPcasereg"/>
  <testcase name="TC_SPNAPP_001" time="0.021" classname="testcasesprac.SPcasereg">
    <failure type="org.openqa.selenium.ElementNotVisibleException" message="element not interactable
  (Session info: chrome=69.0.3497.100)
  (Driver info: chromedriver=2.42.591088 (7b2b2dca23cca0862f674758c9a3933e685c27d5),platform=Windows NT 6.1.7601 SP1 x86) (WARNING: The server did not provide any stacktrace information)
Command duration or timeout: 0 milliseconds
Build info: version: &#039;3.12.0&#039;, revision: &#039;7c6e0b3&#039;, time: &#039;2018-05-08T14:04:26.12Z&#039;
System info: host: &#039;KAD-I-032&#039;, ip: &#039;192.168.2.67&#039;, os.name: &#039;Windows 7&#039;, os.arch: &#039;x86&#039;, os.version: &#039;6.1&#039;, java.version: &#039;1.8.0_181&#039;
Driver info: org.openqa.selenium.chrome.ChromeDriver
Capabilities {acceptInsecureCerts: false, acceptSslCerts: false, applicationCacheEnabled: false, browserConnectionEnabled: false, browserName: chrome, chrome: {chromedriverVersion: 2.42.591088 (7b2b2dca23cca0..., userDataDir: C:\Users\admin\AppData\Loca...}, cssSelectorsEnabled: true, databaseEnabled: false, goog:chromeOptions: {debuggerAddress: localhost:53325}, handlesAlerts: true, hasTouchScreen: false, javascriptEnabled: true, locationContextEnabled: true, mobileEmulationEnabled: false, nativeEvents: true, networkConnectionEnabled: false, pageLoadStrategy: normal, platform: XP, platformName: XP, rotatable: false, setWindowRect: true, takesHeapSnapshot: true, takesScreenshot: true, unexpectedAlertBehaviour: , unhandledPromptBehavior: , version: 69.0.3497.100, webStorageEnabled: true}
Session ID: 5e89d193e1b9d1f3eb33e28072b9cbf6">
      <![CDATA[org.openqa.selenium.ElementNotVisibleException: element not interactable
  (Session info: chrome=69.0.3497.100)
  (Driver info: chromedriver=2.42.591088 (7b2b2dca23cca0862f674758c9a3933e685c27d5),platform=Windows NT 6.1.7601 SP1 x86) (WARNING: The server did not provide any stacktrace information)
Command duration or timeout: 0 milliseconds
Build info: version: '3.12.0', revision: '7c6e0b3', time: '2018-05-08T14:04:26.12Z'
System info: host: 'KAD-I-032', ip: '192.168.2.67', os.name: 'Windows 7', os.arch: 'x86', os.version: '6.1', java.version: '1.8.0_181'
Driver info: org.openqa.selenium.chrome.ChromeDriver
Capabilities {acceptInsecureCerts: false, acceptSslCerts: false, applicationCacheEnabled: false, browserConnectionEnabled: false, browserName: chrome, chrome: {chromedriverVersion: 2.42.591088 (7b2b2dca23cca0..., userDataDir: C:\Users\admin\AppData\Loca...}, cssSelectorsEnabled: true, databaseEnabled: false, goog:chromeOptions: {debuggerAddress: localhost:53325}, handlesAlerts: true, hasTouchScreen: false, javascriptEnabled: true, locationContextEnabled: true, mobileEmulationEnabled: false, nativeEvents: true, networkConnectionEnabled: false, pageLoadStrategy: normal, platform: XP, platformName: XP, rotatable: false, setWindowRect: true, takesHeapSnapshot: true, takesScreenshot: true, unexpectedAlertBehaviour: , unhandledPromptBehavior: , version: 69.0.3497.100, webStorageEnabled: true}
Session ID: 5e89d193e1b9d1f3eb33e28072b9cbf6
	at sun.reflect.NativeConstructorAccessorImpl.newInstance0(Native Method)
	at sun.reflect.NativeConstructorAccessorImpl.newInstance(Unknown Source)
	at sun.reflect.DelegatingConstructorAccessorImpl.newInstance(Unknown Source)
	at java.lang.reflect.Constructor.newInstance(Unknown Source)
	at org.openqa.selenium.remote.ErrorHandler.createThrowable(ErrorHandler.java:214)
	at org.openqa.selenium.remote.ErrorHandler.throwIfResponseFailed(ErrorHandler.java:166)
	at org.openqa.selenium.remote.http.JsonHttpResponseCodec.reconstructValue(JsonHttpResponseCodec.java:40)
	at org.openqa.selenium.remote.http.AbstractHttpResponseCodec.decode(AbstractHttpResponseCodec.java:80)
	at org.openqa.selenium.remote.http.AbstractHttpResponseCodec.decode(AbstractHttpResponseCodec.java:44)
	at org.openqa.selenium.remote.HttpCommandExecutor.execute(HttpCommandExecutor.java:158)
	at org.openqa.selenium.remote.service.DriverCommandExecutor.execute(DriverCommandExecutor.java:83)
	at org.openqa.selenium.remote.RemoteWebDriver.execute(RemoteWebDriver.java:543)
	at org.openqa.selenium.remote.RemoteWebElement.execute(RemoteWebElement.java:276)
	at org.openqa.selenium.remote.RemoteWebElement.click(RemoteWebElement.java:83)
	at environment.Utill.click_element(Utill.java:161)
	at pages.Home.clickRegister(Home.java:92)
	at testcasesprac.SPcasereg.TC_SPNAPP_001(SPcasereg.java:1524)
	at sun.reflect.NativeMethodAccessorImpl.invoke0(Native Method)
	at sun.reflect.NativeMethodAccessorImpl.invoke(Unknown Source)
	at sun.reflect.DelegatingMethodAccessorImpl.invoke(Unknown Source)
	at java.lang.reflect.Method.invoke(Unknown Source)
	at org.testng.internal.MethodInvocationHelper.invokeMethod(MethodInvocationHelper.java:80)
	at org.testng.internal.Invoker.invokeMethod(Invoker.java:714)
	at org.testng.internal.Invoker.invokeTestMethod(Invoker.java:901)
	at org.testng.internal.Invoker.invokeTestMethods(Invoker.java:1231)
	at org.testng.internal.TestMethodWorker.invokeTestMethods(TestMethodWorker.java:127)
	at org.testng.internal.TestMethodWorker.run(TestMethodWorker.java:111)
	at org.testng.TestRunner.privateRun(TestRunner.java:767)
	at org.testng.TestRunner.run(TestRunner.java:617)
	at org.testng.SuiteRunner.runTest(SuiteRunner.java:334)
	at org.testng.SuiteRunner.runSequentially(SuiteRunner.java:329)
	at org.testng.SuiteRunner.privateRun(SuiteRunner.java:291)
	at org.testng.SuiteRunner.run(SuiteRunner.java:240)
	at org.testng.SuiteRunnerWorker.runSuite(SuiteRunnerWorker.java:52)
	at org.testng.SuiteRunnerWorker.run(SuiteRunnerWorker.java:86)
	at org.testng.TestNG.runSuitesSequentially(TestNG.java:1198)
	at org.testng.TestNG.runSuitesLocally(TestNG.java:1123)
	at org.testng.TestNG.run(TestNG.java:1031)
	at org.testng.remote.AbstractRemoteTestNG.run(AbstractRemoteTestNG.java:114)
	at org.testng.remote.RemoteTestNG.initAndRun(RemoteTestNG.java:251)
	at org.testng.remote.RemoteTestNG.main(RemoteTestNG.java:77)
]]>
    </failure>
  </testcase> <!-- TC_SPNAPP_001 -->
  <testcase name="TC_SPDOC_003" time="0.000" classname="testcasesprac.SPcasereg"/>
  <testcase name="TC_SPINF_004" time="3.666" classname="testcasesprac.SPcasereg"/>
  <testcase name="TC_SPINF_014" time="0.055" classname="testcasesprac.SPcasereg"/>
</testsuite> <!-- testcasesprac.SPcasereg -->
