<?xml version="1.0" encoding="UTF-8"?>
<!-- Generated by org.testng.reporters.JUnitReportReporter -->
<testsuite hostname="KAD-I-032" name="maintest2.Basic" tests="1" failures="0" timestamp="22 Oct 2018 06:54:44 GMT" time="17.714" errors="0">
  <testcase name="Login" time="17.714" classname="maintest2.Basic"/>
</testsuite> <!-- maintest2.Basic -->
