<?xml version="1.0" encoding="UTF-8"?>
<!-- Generated by org.testng.reporters.JUnitReportReporter -->
<testsuite hostname="KAD-I-032" name="testcasesprac.SPcasereg" tests="57" failures="9" timestamp="27 Sep 2018 05:29:41 GMT" time="1733.990" errors="0">
  <testcase name="TC_SPINF_033" time="0.000" classname="testcasesprac.SPcasereg"/>
  <testcase name="TC_SPINF_014" time="0.078" classname="testcasesprac.SPcasereg"/>
  <testcase name="TC_SPINF_024" time="0.000" classname="testcasesprac.SPcasereg"/>
  <testcase name="TC_SPINF_006" time="43.957" classname="testcasesprac.SPcasereg"/>
  <testcase name="TC_SPINF_027" time="0.001" classname="testcasesprac.SPcasereg"/>
  <testcase name="TC_SPINF_009" time="3.614" classname="testcasesprac.SPcasereg"/>
  <testcase name="TC_SPCR_004" time="0.030" classname="testcasesprac.SPcasereg"/>
  <testcase name="TC_SPCR_027" time="28.782" classname="testcasesprac.SPcasereg"/>
  <testcase name="TC_SPCR_010" time="79.657" classname="testcasesprac.SPcasereg"/>
  <testcase name="TC_SPINF_015" time="0.000" classname="testcasesprac.SPcasereg"/>
  <testcase name="TC_SPINF_001" time="56.476" classname="testcasesprac.SPcasereg"/>
  <testcase name="TC_SPCR_025" time="29.739" classname="testcasesprac.SPcasereg"/>
  <testcase name="Login" time="33.215" classname="testcasesprac.SPcasereg"/>
  <testcase name="TC_SPCR_002" time="3.193" classname="testcasesprac.SPcasereg"/>
  <testcase name="TC_SPINF_003" time="0.090" classname="testcasesprac.SPcasereg"/>
  <testcase name="TC_SPCR_016" time="76.712" classname="testcasesprac.SPcasereg"/>
  <testcase name="TC_SPINF_021" time="0.001" classname="testcasesprac.SPcasereg"/>
  <testcase name="TC_SPINF_010" time="50.816" classname="testcasesprac.SPcasereg"/>
  <testcase name="TC_SPCR_022" time="31.304" classname="testcasesprac.SPcasereg"/>
  <testcase name="TC_SPINF_017" time="0.039" classname="testcasesprac.SPcasereg"/>
  <testcase name="TC_SPCR_026" time="35.215" classname="testcasesprac.SPcasereg"/>
  <testcase name="TC_SPCR_006" time="0.029" classname="testcasesprac.SPcasereg"/>
  <testcase name="TC_SPINF_004" time="3.706" classname="testcasesprac.SPcasereg"/>
  <testcase name="TC_SPINF_032" time="0.037" classname="testcasesprac.SPcasereg"/>
  <testcase name="TC_SPCR_009" time="0.031" classname="testcasesprac.SPcasereg"/>
  <testcase name="TC_SPCR_001" time="5.252" classname="testcasesprac.SPcasereg"/>
  <testcase name="TC_SPCR_011" time="87.421" classname="testcasesprac.SPcasereg"/>
  <testcase name="TC_SPCR_005" time="0.029" classname="testcasesprac.SPcasereg"/>
  <testcase name="TC_SPCR_019" time="73.973" classname="testcasesprac.SPcasereg"/>
  <testcase name="TC_SPINF_035" time="0.041" classname="testcasesprac.SPcasereg"/>
  <testcase name="TC_SPINF_020" time="0.040" classname="testcasesprac.SPcasereg"/>
  <testcase name="TC_SPCR_015" time="75.488" classname="testcasesprac.SPcasereg"/>
  <testcase name="TC_SPINF_008" time="9.995" classname="testcasesprac.SPcasereg"/>
  <testcase name="TC_SPCR_007" time="0.037" classname="testcasesprac.SPcasereg"/>
  <testcase name="TC_SPINF_038" time="1.487" classname="testcasesprac.SPcasereg"/>
  <testcase name="TC_SPCR_003" time="0.031" classname="testcasesprac.SPcasereg"/>
  <testcase name="TC_SPINF_026" time="0.130" classname="testcasesprac.SPcasereg"/>
  <testcase name="TC_SPCR_017" time="72.997" classname="testcasesprac.SPcasereg"/>
  <testcase name="TC_SPINF_029" time="0.039" classname="testcasesprac.SPcasereg"/>
  <testcase name="TC_SPINF_018" time="0.000" classname="testcasesprac.SPcasereg"/>
  <testcase name="TC_SPCR_014" time="79.086" classname="testcasesprac.SPcasereg"/>
  <testcase name="TC_SPINF_011" time="56.990" classname="testcasesprac.SPcasereg"/>
  <testcase name="TC_SPINF_002" time="80.618" classname="testcasesprac.SPcasereg"/>
  <testcase name="TC_SPINF_012" time="213.365" classname="testcasesprac.SPcasereg">
    <failure type="org.openqa.selenium.WebDriverException" message="unknown error: Element &lt;input class=&quot;rbDecorated&quot; type=&quot;submit&quot; name=&quot;ctl00$ContentPlaceHolder1$btnStages_input&quot; id=&quot;ctl00_ContentPlaceHolder1_btnStages_input&quot; value=&quot;Work Stages&quot; tabindex=&quot;-1&quot;&gt; is not clickable at point (1283, 191). Other element would receive the click: &lt;div unselectable=&quot;on&quot; class=&quot;TelerikModalOverlay&quot; style=&quot;position: absolute; left: 0px; top: 0px; z-index: 7001; background-color: rgb(170, 170, 170); opacity: 0.5; width: 1350px; height: 1108px;&quot;&gt;&lt;/div&gt;
  (Session info: chrome=69.0.3497.100)
  (Driver info: chromedriver=2.42.591088 (7b2b2dca23cca0862f674758c9a3933e685c27d5),platform=Windows NT 6.1.7601 SP1 x86) (WARNING: The server did not provide any stacktrace information)
Command duration or timeout: 0 milliseconds
Build info: version: &#039;3.12.0&#039;, revision: &#039;7c6e0b3&#039;, time: &#039;2018-05-08T14:04:26.12Z&#039;
System info: host: &#039;KAD-I-032&#039;, ip: &#039;192.168.2.67&#039;, os.name: &#039;Windows 7&#039;, os.arch: &#039;x86&#039;, os.version: &#039;6.1&#039;, java.version: &#039;1.8.0_181&#039;
Driver info: org.openqa.selenium.chrome.ChromeDriver
Capabilities {acceptInsecureCerts: false, acceptSslCerts: false, applicationCacheEnabled: false, browserConnectionEnabled: false, browserName: chrome, chrome: {chromedriverVersion: 2.42.591088 (7b2b2dca23cca0..., userDataDir: C:\Users\admin\AppData\Loca...}, cssSelectorsEnabled: true, databaseEnabled: false, goog:chromeOptions: {debuggerAddress: localhost:49322}, handlesAlerts: true, hasTouchScreen: false, javascriptEnabled: true, locationContextEnabled: true, mobileEmulationEnabled: false, nativeEvents: true, networkConnectionEnabled: false, pageLoadStrategy: normal, platform: XP, platformName: XP, rotatable: false, setWindowRect: true, takesHeapSnapshot: true, takesScreenshot: true, unexpectedAlertBehaviour: , unhandledPromptBehavior: , version: 69.0.3497.100, webStorageEnabled: true}
Session ID: 3945a3b2462eb9ea0cc20647180f08b2">
      <![CDATA[org.openqa.selenium.WebDriverException: unknown error: Element <input class="rbDecorated" type="submit" name="ctl00$ContentPlaceHolder1$btnStages_input" id="ctl00_ContentPlaceHolder1_btnStages_input" value="Work Stages" tabindex="-1"> is not clickable at point (1283, 191). Other element would receive the click: <div unselectable="on" class="TelerikModalOverlay" style="position: absolute; left: 0px; top: 0px; z-index: 7001; background-color: rgb(170, 170, 170); opacity: 0.5; width: 1350px; height: 1108px;"></div>
  (Session info: chrome=69.0.3497.100)
  (Driver info: chromedriver=2.42.591088 (7b2b2dca23cca0862f674758c9a3933e685c27d5),platform=Windows NT 6.1.7601 SP1 x86) (WARNING: The server did not provide any stacktrace information)
Command duration or timeout: 0 milliseconds
Build info: version: '3.12.0', revision: '7c6e0b3', time: '2018-05-08T14:04:26.12Z'
System info: host: 'KAD-I-032', ip: '192.168.2.67', os.name: 'Windows 7', os.arch: 'x86', os.version: '6.1', java.version: '1.8.0_181'
Driver info: org.openqa.selenium.chrome.ChromeDriver
Capabilities {acceptInsecureCerts: false, acceptSslCerts: false, applicationCacheEnabled: false, browserConnectionEnabled: false, browserName: chrome, chrome: {chromedriverVersion: 2.42.591088 (7b2b2dca23cca0..., userDataDir: C:\Users\admin\AppData\Loca...}, cssSelectorsEnabled: true, databaseEnabled: false, goog:chromeOptions: {debuggerAddress: localhost:49322}, handlesAlerts: true, hasTouchScreen: false, javascriptEnabled: true, locationContextEnabled: true, mobileEmulationEnabled: false, nativeEvents: true, networkConnectionEnabled: false, pageLoadStrategy: normal, platform: XP, platformName: XP, rotatable: false, setWindowRect: true, takesHeapSnapshot: true, takesScreenshot: true, unexpectedAlertBehaviour: , unhandledPromptBehavior: , version: 69.0.3497.100, webStorageEnabled: true}
Session ID: 3945a3b2462eb9ea0cc20647180f08b2
	at sun.reflect.NativeConstructorAccessorImpl.newInstance0(Native Method)
	at sun.reflect.NativeConstructorAccessorImpl.newInstance(Unknown Source)
	at sun.reflect.DelegatingConstructorAccessorImpl.newInstance(Unknown Source)
	at java.lang.reflect.Constructor.newInstance(Unknown Source)
	at org.openqa.selenium.remote.ErrorHandler.createThrowable(ErrorHandler.java:214)
	at org.openqa.selenium.remote.ErrorHandler.throwIfResponseFailed(ErrorHandler.java:166)
	at org.openqa.selenium.remote.http.JsonHttpResponseCodec.reconstructValue(JsonHttpResponseCodec.java:40)
	at org.openqa.selenium.remote.http.AbstractHttpResponseCodec.decode(AbstractHttpResponseCodec.java:80)
	at org.openqa.selenium.remote.http.AbstractHttpResponseCodec.decode(AbstractHttpResponseCodec.java:44)
	at org.openqa.selenium.remote.HttpCommandExecutor.execute(HttpCommandExecutor.java:158)
	at org.openqa.selenium.remote.service.DriverCommandExecutor.execute(DriverCommandExecutor.java:83)
	at org.openqa.selenium.remote.RemoteWebDriver.execute(RemoteWebDriver.java:543)
	at org.openqa.selenium.remote.RemoteWebElement.execute(RemoteWebElement.java:276)
	at org.openqa.selenium.remote.RemoteWebElement.click(RemoteWebElement.java:83)
	at environment.Utill.click_element(Utill.java:162)
	at pages.Home.workStage(Home.java:96)
	at testcasesprac.SPcasereg.TC_SPINF_012(SPcasereg.java:1311)
	at sun.reflect.NativeMethodAccessorImpl.invoke0(Native Method)
	at sun.reflect.NativeMethodAccessorImpl.invoke(Unknown Source)
	at sun.reflect.DelegatingMethodAccessorImpl.invoke(Unknown Source)
	at java.lang.reflect.Method.invoke(Unknown Source)
	at org.testng.internal.MethodInvocationHelper.invokeMethod(MethodInvocationHelper.java:80)
	at org.testng.internal.Invoker.invokeMethod(Invoker.java:714)
	at org.testng.internal.Invoker.invokeTestMethod(Invoker.java:901)
	at org.testng.internal.Invoker.invokeTestMethods(Invoker.java:1231)
	at org.testng.internal.TestMethodWorker.invokeTestMethods(TestMethodWorker.java:127)
	at org.testng.internal.TestMethodWorker.run(TestMethodWorker.java:111)
	at org.testng.TestRunner.privateRun(TestRunner.java:767)
	at org.testng.TestRunner.run(TestRunner.java:617)
	at org.testng.SuiteRunner.runTest(SuiteRunner.java:334)
	at org.testng.SuiteRunner.runSequentially(SuiteRunner.java:329)
	at org.testng.SuiteRunner.privateRun(SuiteRunner.java:291)
	at org.testng.SuiteRunner.run(SuiteRunner.java:240)
	at org.testng.SuiteRunnerWorker.runSuite(SuiteRunnerWorker.java:52)
	at org.testng.SuiteRunnerWorker.run(SuiteRunnerWorker.java:86)
	at org.testng.TestNG.runSuitesSequentially(TestNG.java:1198)
	at org.testng.TestNG.runSuitesLocally(TestNG.java:1123)
	at org.testng.TestNG.run(TestNG.java:1031)
	at org.testng.remote.AbstractRemoteTestNG.run(AbstractRemoteTestNG.java:114)
	at org.testng.remote.RemoteTestNG.initAndRun(RemoteTestNG.java:251)
	at org.testng.remote.RemoteTestNG.main(RemoteTestNG.java:77)
]]>
    </failure>
  </testcase> <!-- TC_SPINF_012 -->
  <testcase name="TC_SPINF_007" time="50.842" classname="testcasesprac.SPcasereg"/>
  <testcase name="TC_SPCR_021" time="78.555" classname="testcasesprac.SPcasereg"/>
  <testcase name="TC_SPCR_023" time="21.500" classname="testcasesprac.SPcasereg"/>
  <testcase name="TC_SPCR_024" time="11.288" classname="testcasesprac.SPcasereg"/>
  <testcase name="TC_SPINF_005" time="32.038" classname="testcasesprac.SPcasereg"/>
  <testcase name="TC_SPCR_012" time="73.641" classname="testcasesprac.SPcasereg"/>
  <testcase name="TC_SPINF_030" time="0.000" classname="testcasesprac.SPcasereg"/>
  <testcase name="TC_SPCR_013" time="80.233" classname="testcasesprac.SPcasereg"/>
  <testcase name="TC_SPCR_008" time="0.029" classname="testcasesprac.SPcasereg"/>
  <testcase name="TC_SPCR_018" time="73.924" classname="testcasesprac.SPcasereg"/>
  <testcase name="TC_SPINF_039" time="0.000" classname="testcasesprac.SPcasereg"/>
  <testcase name="TC_SPCR_020" time="78.155" classname="testcasesprac.SPcasereg"/>
  <testcase name="TC_SPINF_023" time="0.044" classname="testcasesprac.SPcasereg"/>
</testsuite> <!-- testcasesprac.SPcasereg -->
