<?xml version="1.0" encoding="UTF-8"?>
<!-- Generated by org.testng.reporters.JUnitReportReporter -->
<testsuite hostname="KAD-I-032" name="maintest.Basic" tests="2" failures="0" timestamp="21 Sep 2018 10:47:24 GMT" time="22.665" errors="0">
  <testcase name="Login" time="6.782" classname="maintest.Basic"/>
  <testcase name="TC_SPINF_002" time="15.883" classname="maintest.Basic"/>
</testsuite> <!-- maintest.Basic -->
