<?xml version="1.0" encoding="UTF-8"?>
<!-- Generated by org.testng.reporters.JUnitReportReporter -->
<testsuite hostname="KAD-I-032" name="maintest.SPcasereg" tests="10" failures="0" timestamp="25 Sep 2018 13:21:09 GMT" time="69.928" errors="0">
  <testcase name="TC_SPINF_33" time="5.345" classname="maintest.SPcasereg"/>
  <testcase name="TC_SPINF_30" time="4.943" classname="maintest.SPcasereg"/>
  <testcase name="TC_SPINF_24" time="4.709" classname="maintest.SPcasereg"/>
  <testcase name="TC_SPINF_38" time="5.784" classname="maintest.SPcasereg"/>
  <testcase name="TC_SPINF_27" time="4.980" classname="maintest.SPcasereg"/>
  <testcase name="Login" time="7.412" classname="maintest.SPcasereg"/>
  <testcase name="TC_SPINF_21" time="5.244" classname="maintest.SPcasereg"/>
  <testcase name="TC_SPINF_12" time="18.681" classname="maintest.SPcasereg"/>
  <testcase name="TC_SPINF_15" time="6.517" classname="maintest.SPcasereg"/>
  <testcase name="TC_SPINF_18" time="6.313" classname="maintest.SPcasereg"/>
</testsuite> <!-- maintest.SPcasereg -->
