<?xml version="1.0" encoding="UTF-8"?>
<!-- Generated by org.testng.reporters.JUnitReportReporter -->
<testsuite hostname="KAD-I-032" name="maintest.Basic" tests="3" failures="0" timestamp="20 Sep 2018 12:12:28 GMT" time="38.228" errors="0">
  <testcase name="TC_SPINF_002" time="10.961" classname="maintest.Basic"/>
  <testcase name="Login" time="27.139" classname="maintest.Basic"/>
  <testcase name="TC_SPINF_003" time="0.128" classname="maintest.Basic"/>
</testsuite> <!-- maintest.Basic -->
