<?xml version="1.0" encoding="UTF-8"?>
<!-- Generated by org.testng.reporters.JUnitReportReporter -->
<testsuite hostname="KAD-I-032" name="maintest2.Basic" tests="5" failures="0" timestamp="17 Oct 2018 07:53:51 GMT" time="15.875" errors="0">
  <testcase name="TC_SCPR_004" time="0.036" classname="maintest2.Basic"/>
  <testcase name="TC_SPCR_001" time="3.886" classname="maintest2.Basic"/>
  <testcase name="Login" time="8.668" classname="maintest2.Basic"/>
  <testcase name="TC_SPCR_002" time="3.247" classname="maintest2.Basic"/>
  <testcase name="TC_SPCR_003" time="0.038" classname="maintest2.Basic"/>
</testsuite> <!-- maintest2.Basic -->
