<?xml version="1.0" encoding="UTF-8"?>
<!-- Generated by org.testng.reporters.JUnitReportReporter -->
<testsuite skipped="0" hostname="KAD-I-032" name="maintest.CandidateCaseRegistration" tests="20" failures="0" timestamp="26 Nov 2018 14:58:51 GMT" time="1104.594" errors="0">
  <testcase name="CandidateInitiate" time="4.840" classname="maintest.CandidateCaseRegistration"/>
  <testcase name="CandidatedataEntry" time="116.261" classname="maintest.CandidateCaseRegistration"/>
  <testcase name="Address" time="21.945" classname="maintest.CandidateCaseRegistration"/>
  <testcase name="Education" time="5.186" classname="maintest.CandidateCaseRegistration"/>
  <testcase name="Employment" time="5.268" classname="maintest.CandidateCaseRegistration"/>
  <testcase name="VoterId" time="4.868" classname="maintest.CandidateCaseRegistration"/>
  <testcase name="Reference" time="5.051" classname="maintest.CandidateCaseRegistration"/>
  <testcase name="ClientSubmit" time="30.080" classname="maintest.CandidateCaseRegistration"/>
  <testcase name="VerificationSupervisor" time="38.486" classname="maintest.CandidateCaseRegistration"/>
  <testcase name="DataEntryQC" time="108.407" classname="maintest.CandidateCaseRegistration"/>
  <testcase name="VerificationIntiation" time="229.836" classname="maintest.CandidateCaseRegistration"/>
  <testcase name="AddressVerification" time="100.611" classname="maintest.CandidateCaseRegistration"/>
  <testcase name="EducationVerification" time="58.855" classname="maintest.CandidateCaseRegistration"/>
  <testcase name="EmploymentVerification" time="54.040" classname="maintest.CandidateCaseRegistration"/>
  <testcase name="ReferenceVerification" time="51.419" classname="maintest.CandidateCaseRegistration"/>
  <testcase name="IDVerification" time="50.250" classname="maintest.CandidateCaseRegistration"/>
  <testcase name="ReportGenerationSupervision" time="71.363" classname="maintest.CandidateCaseRegistration"/>
  <testcase name="ReportGenerationSubmit" time="60.624" classname="maintest.CandidateCaseRegistration"/>
  <testcase name="ReportValidationSupervisor" time="36.672" classname="maintest.CandidateCaseRegistration"/>
  <testcase name="ReportValidation" time="50.532" classname="maintest.CandidateCaseRegistration"/>
</testsuite> <!-- maintest.CandidateCaseRegistration -->
