<?xml version="1.0" encoding="UTF-8"?>
<!-- Generated by org.testng.reporters.JUnitReportReporter -->
<testsuite skipped="1" hostname="KAD-I-032" name="maintest.FullFlow" tests="41" failures="0" timestamp="26 Nov 2018 14:58:51 GMT" time="2798.000" errors="0">
  <testcase name="login" time="10.003" classname="maintest.FullFlow"/>
  <testcase name="caseregistration" time="38.538" classname="maintest.FullFlow"/>
  <testcase name="dataEntryAssign" time="47.209" classname="maintest.FullFlow"/>
  <testcase name="dataEntry" time="452.801" classname="maintest.FullFlow"/>
  <testcase name="dataEntryQCAssign" time="42.676" classname="maintest.FullFlow"/>
  <testcase name="AddressDEQC" time="33.540" classname="maintest.FullFlow"/>
  <testcase name="EducationDEQC" time="27.536" classname="maintest.FullFlow"/>
  <testcase name="EmploymentDEQC" time="26.752" classname="maintest.FullFlow"/>
  <testcase name="ReferenceDEQC" time="13.035" classname="maintest.FullFlow"/>
  <testcase name="DataBaseDEQC" time="12.676" classname="maintest.FullFlow"/>
  <testcase name="CriminalDEQC" time="30.862" classname="maintest.FullFlow"/>
  <testcase name="CreditDEQC" time="11.578" classname="maintest.FullFlow"/>
  <testcase name="CourtDEQC" time="30.130" classname="maintest.FullFlow"/>
  <testcase name="IdDEQC" time="26.787" classname="maintest.FullFlow"/>
  <testcase name="VerificationSupervisor" time="32.670" classname="maintest.FullFlow"/>
  <testcase name="VerificationIntiation" time="503.009" classname="maintest.FullFlow"/>
  <testcase name="AddressVerification" time="146.684" classname="maintest.FullFlow"/>
  <testcase name="EducationVerification" time="105.620" classname="maintest.FullFlow"/>
  <testcase name="EmploymentVerification" time="99.150" classname="maintest.FullFlow"/>
  <testcase name="ReferenceVerification" time="51.958" classname="maintest.FullFlow"/>
  <testcase name="DatabaseVerification" time="67.550" classname="maintest.FullFlow"/>
  <testcase name="CriminalVerification" time="94.859" classname="maintest.FullFlow"/>
  <testcase name="CreditVerification" time="51.613" classname="maintest.FullFlow"/>
  <testcase name="CourtVerification" time="102.782" classname="maintest.FullFlow"/>
  <testcase name="IDVerification" time="86.468" classname="maintest.FullFlow"/>
  <testcase name="DrugVerification" time="63.476" classname="maintest.FullFlow"/>
  <testcase name="ReportGenerationSupervision" time="72.191" classname="maintest.FullFlow"/>
  <testcase name="AddressReportGeneration" time="84.417" classname="maintest.FullFlow"/>
  <testcase name="EducationReportGeneration" time="59.630" classname="maintest.FullFlow"/>
  <testcase name="EmploymentReportGeneration" time="76.250" classname="maintest.FullFlow"/>
  <testcase name="ReferenceReportGeneration" time="9.937" classname="maintest.FullFlow"/>
  <testcase name="DatabaseReportGeneration" time="1.791" classname="maintest.FullFlow"/>
  <testcase name="CriminalReportGeneration" time="45.197" classname="maintest.FullFlow"/>
  <testcase name="CreditReportGeneration" time="19.021" classname="maintest.FullFlow"/>
  <testcase name="CourtReportGeneration" time="45.839" classname="maintest.FullFlow"/>
  <testcase name="DrugReportGeneration" time="8.173" classname="maintest.FullFlow"/>
  <testcase name="IdReportGeneration" time="37.419" classname="maintest.FullFlow"/>
  <testcase name="ReportValidationSupervisor" time="38.036" classname="maintest.FullFlow"/>
  <testcase name="ReportGenerationSubmit" time="33.074" classname="maintest.FullFlow"/>
  <testcase name="ReportValidation" time="57.063" classname="maintest.FullFlow"/>
  <testcase name="readPdfIndex" classname="maintest.FullFlow">
    <skipped/>
  </testcase> <!-- readPdfIndex -->
</testsuite> <!-- maintest.FullFlow -->
